2026-03-06 14:45 - error - Connection failed
2026-03-06 14:39 - SUCCESS - Connection failed
2026-03-06 14:33 - DEBUG - Disk full
2026-03-06 14:14 - CRITICAL - Service failed
2026-03-06 14:59 - error - User logged out
2026-03-06 14:39 - ERROR - Service started
2026-03-06 14:33 - Critical - Connection failed
2026-03-06 14:49 - SUCCESS - User cancelled
2026-03-06 14:52 - CRITICAL - User logged in
2026-03-06 14:43 - Success - User cancelled
2026-03-06 14:25 - Success - Connection failed
2026-03-06 14:44 - Critical - Timeout occurred
2026-03-06 14:30 - CRITICAL - Service failed
2026-03-06 14:53 - error - Service failed
2026-03-06 14:38 - SUCCESS - Service failed
2026-03-06 14:12 - CRITICAL - User logged in
2026-03-06 14:46 - ERROR - User cancelled
2026-03-06 14:29 - Success - User logged out
2026-03-06 14:29 - INFO - User logged in
2026-03-06 14:32 - WARNING - Disk full
2026-03-06 14:32 - DEBUG - User logged out
2026-03-06 14:58 - ERROR - User logged out
2026-03-06 14:37 - CRITICAL - Service failed
2026-03-06 14:18 - DEBUG - User cancelled
2026-03-06 14:14 - Success - Service started
2026-03-06 14:24 - DEBUG - User cancelled
2026-03-06 14:22 - Critical - Connection failed
2026-03-06 14:55 - Critical - Connection failed
2026-03-06 14:22 - ERROR - Disk full
2026-03-06 14:55 - DEBUG - Disk full
2026-03-06 14:22 - ERROR - Disk full
2026-03-06 14:39 - error - User logged in
2026-03-06 14:37 - Success - Connection failed
2026-03-06 14:16 - CRITICAL - Timeout occurred
2026-03-06 14:10 - INFO - User logged out
2026-03-06 14:36 - CRITICAL - Disk full
2026-03-06 14:56 - SUCCESS - User cancelled
2026-03-06 14:50 - CRITICAL - Service failed
2026-03-06 14:18 - INFO - Disk full
2026-03-06 14:32 - SUCCESS - Timeout occurred
2026-03-06 14:40 - Critical - User cancelled
2026-03-06 14:46 - Critical - Connection failed
2026-03-06 14:51 - CRITICAL - User logged out
2026-03-06 14:52 - DEBUG - User logged in
2026-03-06 14:32 - Critical - User logged in
2026-03-06 14:14 - DEBUG - Service started
2026-03-06 14:37 - error - Timeout occurred
2026-03-06 14:36 - Success - User cancelled
2026-03-06 14:14 - ERROR - User cancelled
2026-03-06 14:57 - Success - Disk full
2026-03-06 14:58 - INFO - Connection failed
2026-03-06 14:31 - ERROR - Connection failed
2026-03-06 14:30 - DEBUG - Timeout occurred
2026-03-06 14:51 - DEBUG - User cancelled
2026-03-06 14:48 - WARNING - Service failed
2026-03-06 14:19 - Success - Disk full
2026-03-06 14:41 - SUCCESS - Service failed
2026-03-06 14:20 - ERROR - User cancelled
2026-03-06 14:56 - Critical - User cancelled
2026-03-06 14:37 - INFO - User logged in
2026-03-06 14:20 - SUCCESS - User logged in
2026-03-06 14:13 - Critical - User logged in
2026-03-06 14:52 - WARNING - Disk full
2026-03-06 14:42 - INFO - Disk full
2026-03-06 14:12 - CRITICAL - Connection failed
2026-03-06 14:28 - error - User cancelled
2026-03-06 14:52 - Success - Disk full
2026-03-06 14:55 - ERROR - User cancelled
2026-03-06 14:18 - Critical - Service failed
2026-03-06 14:10 - CRITICAL - Service failed
2026-03-06 14:34 - SUCCESS - Service started
2026-03-06 14:11 - Critical - Service failed
2026-03-06 14:28 - SUCCESS - Service failed
2026-03-06 14:36 - ERROR - Connection failed
2026-03-06 14:14 - ERROR - User logged out
2026-03-06 14:50 - Success - Timeout occurred
2026-03-06 14:47 - WARNING - Service started
2026-03-06 14:10 - SUCCESS - Service started
2026-03-06 14:31 - error - Disk full
2026-03-06 14:35 - ERROR - Timeout occurred
2026-03-06 14:35 - DEBUG - Timeout occurred
2026-03-06 14:13 - WARNING - User logged in
2026-03-06 14:30 - ERROR - User logged out
2026-03-06 14:46 - SUCCESS - Connection failed
2026-03-06 14:26 - DEBUG - Service failed
2026-03-06 14:34 - Critical - Disk full
2026-03-06 14:10 - ERROR - Service started
2026-03-06 14:36 - Critical - Connection failed
2026-03-06 14:52 - ERROR - Timeout occurred
2026-03-06 14:50 - ERROR - Disk full
2026-03-06 14:38 - ERROR - User logged out
2026-03-06 14:30 - CRITICAL - Disk full
2026-03-06 14:55 - SUCCESS - Service failed
2026-03-06 14:47 - error - Service failed
2026-03-06 14:32 - DEBUG - User cancelled
2026-03-06 14:12 - Success - Connection failed
2026-03-06 14:15 - SUCCESS - User logged in
2026-03-06 14:14 - INFO - User cancelled
2026-03-06 14:40 - Success - Connection failed
2026-03-06 14:53 - Success - User logged in
2026-03-06 14:52 - WARNING - User logged out
2026-03-06 14:54 - error - Timeout occurred
2026-03-06 14:41 - CRITICAL - User cancelled
2026-03-06 14:27 - Success - Disk full
2026-03-06 14:50 - SUCCESS - User logged out
2026-03-06 14:43 - WARNING - Disk full
2026-03-06 14:50 - WARNING - User logged out
2026-03-06 14:55 - Success - Timeout occurred
2026-03-06 14:47 - INFO - Timeout occurred
2026-03-06 14:20 - DEBUG - Service failed
2026-03-06 14:42 - ERROR - Timeout occurred
2026-03-06 14:18 - CRITICAL - Disk full
2026-03-06 14:52 - error - Disk full
2026-03-06 14:45 - error - User logged in
2026-03-06 14:29 - WARNING - Service failed
2026-03-06 14:29 - CRITICAL - Service failed
2026-03-06 14:33 - CRITICAL - User logged out
2026-03-06 14:25 - ERROR - User logged in
2026-03-06 14:51 - DEBUG - Service started
2026-03-06 14:27 - CRITICAL - User logged out
2026-03-06 14:36 - ERROR - Service failed
2026-03-06 14:24 - Critical - User cancelled
2026-03-06 14:24 - CRITICAL - Service started
2026-03-06 14:53 - WARNING - User cancelled
2026-03-06 14:45 - ERROR - User cancelled
2026-03-06 14:41 - CRITICAL - User logged out
2026-03-06 14:12 - SUCCESS - User logged out
2026-03-06 14:22 - SUCCESS - Service started
2026-03-06 14:29 - Success - Connection failed
2026-03-06 14:41 - INFO - Service failed
2026-03-06 14:20 - Success - User logged in
2026-03-06 14:16 - Success - Timeout occurred
2026-03-06 14:48 - SUCCESS - User logged in
2026-03-06 14:29 - WARNING - Timeout occurred
2026-03-06 14:35 - error - Service started
2026-03-06 14:34 - error - Service started
2026-03-06 14:44 - Success - Disk full
2026-03-06 14:52 - WARNING - User logged in
2026-03-06 14:43 - error - Service started
2026-03-06 14:59 - ERROR - Service failed
2026-03-06 14:47 - SUCCESS - User logged out
2026-03-06 14:11 - error - Disk full
2026-03-06 14:23 - WARNING - User logged out
2026-03-06 14:29 - ERROR - Service failed
2026-03-06 14:26 - ERROR - Service started
2026-03-06 14:27 - INFO - Service started
2026-03-06 14:21 - error - User logged in
2026-03-06 14:59 - WARNING - Timeout occurred
2026-03-06 14:18 - WARNING - Service failed
2026-03-06 14:53 - DEBUG - Service failed
2026-03-06 14:20 - INFO - Timeout occurred
2026-03-06 14:28 - WARNING - User logged in
2026-03-06 14:46 - CRITICAL - User logged out
2026-03-06 14:20 - SUCCESS - User logged out
2026-03-06 14:21 - WARNING - Service failed
2026-03-06 14:38 - Critical - Service started
2026-03-06 14:26 - WARNING - User logged out
2026-03-06 14:23 - Critical - Service failed
2026-03-06 14:55 - ERROR - Service started
2026-03-06 14:39 - SUCCESS - Disk full
2026-03-06 14:54 - Success - User logged in
2026-03-06 14:27 - CRITICAL - Service failed
2026-03-06 14:42 - Success - Service failed
2026-03-06 14:35 - DEBUG - User logged out
2026-03-06 14:12 - error - Timeout occurred
2026-03-06 14:57 - INFO - Service started
2026-03-06 14:30 - WARNING - Connection failed
2026-03-06 14:53 - WARNING - Disk full
2026-03-06 14:34 - error - Disk full
2026-03-06 14:47 - ERROR - User logged in
2026-03-06 14:48 - INFO - Disk full
2026-03-06 14:12 - ERROR - Timeout occurred
2026-03-06 14:28 - error - Service started
2026-03-06 14:23 - DEBUG - Service failed
2026-03-06 14:45 - DEBUG - User cancelled
2026-03-06 14:21 - INFO - Service failed
2026-03-06 14:28 - INFO - User logged out
2026-03-06 14:46 - Critical - Connection failed
2026-03-06 14:38 - INFO - User cancelled
2026-03-06 14:46 - DEBUG - Timeout occurred
2026-03-06 14:58 - INFO - Service failed
2026-03-06 14:43 - SUCCESS - Timeout occurred
2026-03-06 14:33 - error - Service started
2026-03-06 14:22 - INFO - Service started
2026-03-06 14:55 - error - User logged in
2026-03-06 14:40 - ERROR - User logged out
2026-03-06 14:29 - INFO - Timeout occurred
2026-03-06 14:40 - Success - User logged out
2026-03-06 14:11 - DEBUG - User logged in
2026-03-06 14:26 - CRITICAL - Disk full
2026-03-06 14:35 - error - Timeout occurred
2026-03-06 14:24 - SUCCESS - User logged out
2026-03-06 14:34 - Success - User cancelled
2026-03-06 14:47 - INFO - User cancelled
2026-03-06 14:56 - WARNING - User cancelled
2026-03-06 14:31 - Success - User logged in
2026-03-06 14:11 - CRITICAL - Connection failed
2026-03-06 14:51 - INFO - Service started
2026-03-06 14:39 - Critical - Service failed
2026-03-06 14:17 - DEBUG - User logged in
2026-03-06 14:53 - ERROR - Disk full
2026-03-06 14:56 - ERROR - User cancelled
2026-03-06 14:27 - CRITICAL - User cancelled
2026-03-06 14:26 - DEBUG - Service failed
2026-03-06 14:43 - ERROR - Connection failed
2026-03-06 14:24 - ERROR - Service started
2026-03-06 14:44 - WARNING - Service failed
2026-03-06 14:50 - INFO - Disk full
2026-03-06 14:35 - WARNING - User cancelled
2026-03-06 14:42 - Critical - Connection failed
2026-03-06 14:59 - INFO - Timeout occurred
2026-03-06 14:39 - WARNING - User cancelled
2026-03-06 14:26 - error - Service failed
2026-03-06 14:51 - ERROR - User logged in
2026-03-06 14:41 - SUCCESS - User logged in
2026-03-06 14:18 - INFO - User logged out
2026-03-06 14:18 - WARNING - Timeout occurred
2026-03-06 14:25 - DEBUG - Service started
2026-03-06 14:53 - SUCCESS - User cancelled
2026-03-06 14:50 - WARNING - Timeout occurred
2026-03-06 14:25 - WARNING - Connection failed
2026-03-06 14:24 - SUCCESS - Service started
2026-03-06 14:46 - SUCCESS - Timeout occurred
2026-03-06 14:14 - error - User cancelled
2026-03-06 14:22 - Critical - Service failed
2026-03-06 14:54 - error - Disk full
2026-03-06 14:45 - Critical - Service failed
2026-03-06 14:42 - Critical - Connection failed
2026-03-06 14:24 - INFO - User cancelled
2026-03-06 14:25 - SUCCESS - Timeout occurred
2026-03-06 14:12 - Success - User cancelled
2026-03-06 14:12 - SUCCESS - Disk full
2026-03-06 14:26 - SUCCESS - Service failed
2026-03-06 14:40 - SUCCESS - Service failed
2026-03-06 14:46 - Critical - User cancelled
2026-03-06 14:26 - DEBUG - Timeout occurred
2026-03-06 14:44 - SUCCESS - Service failed
2026-03-06 14:37 - error - Service failed
2026-03-06 14:15 - Success - Service failed
2026-03-06 14:47 - INFO - Connection failed
2026-03-06 14:22 - Critical - User logged in
2026-03-06 14:41 - Success - Connection failed
2026-03-06 14:38 - WARNING - Service failed
2026-03-06 14:22 - Critical - Service failed
2026-03-06 14:43 - CRITICAL - Disk full
2026-03-06 14:33 - DEBUG - Service started
2026-03-06 14:22 - DEBUG - Service failed
2026-03-06 14:25 - Critical - User logged in
2026-03-06 14:16 - INFO - User logged out
2026-03-06 14:50 - ERROR - Disk full
2026-03-06 14:49 - Critical - Service started
2026-03-06 14:24 - CRITICAL - User cancelled
2026-03-06 14:15 - CRITICAL - Timeout occurred
2026-03-06 14:45 - DEBUG - Service failed
2026-03-06 14:24 - INFO - User cancelled
2026-03-06 14:32 - INFO - Service started
2026-03-06 14:33 - INFO - Timeout occurred
2026-03-06 14:34 - error - Connection failed
2026-03-06 14:28 - ERROR - User cancelled
2026-03-06 14:48 - SUCCESS - User logged out
2026-03-06 14:17 - Success - User logged in
2026-03-06 14:27 - WARNING - User cancelled
2026-03-06 14:25 - error - User logged in
2026-03-06 14:14 - ERROR - User cancelled
2026-03-06 14:32 - SUCCESS - User cancelled
2026-03-06 14:49 - Success - Disk full
2026-03-06 14:54 - SUCCESS - Disk full
2026-03-06 14:20 - DEBUG - User logged in
2026-03-06 14:36 - error - User cancelled
2026-03-06 14:16 - INFO - User logged in
2026-03-06 14:56 - WARNING - User logged out
2026-03-06 14:49 - Critical - Disk full
2026-03-06 14:21 - CRITICAL - Service failed
2026-03-06 14:23 - DEBUG - User logged out
2026-03-06 14:41 - WARNING - Service failed
2026-03-06 14:31 - Critical - User logged out
2026-03-06 14:53 - CRITICAL - User cancelled
2026-03-06 14:37 - INFO - Connection failed
2026-03-06 14:54 - Critical - Disk full
2026-03-06 14:35 - Success - User logged in
2026-03-06 14:38 - Success - User cancelled
2026-03-06 14:36 - DEBUG - User logged in
2026-03-06 14:47 - SUCCESS - User logged out
2026-03-06 14:51 - CRITICAL - Service started
2026-03-06 14:49 - SUCCESS - Disk full
2026-03-06 14:43 - DEBUG - Service failed
2026-03-06 14:37 - ERROR - User logged in
2026-03-06 14:20 - error - Disk full
2026-03-06 14:44 - SUCCESS - Connection failed
2026-03-06 14:41 - INFO - Service failed
2026-03-06 14:52 - Success - User logged out
2026-03-06 14:47 - INFO - User logged in
2026-03-06 14:30 - Critical - User logged in
2026-03-06 14:42 - INFO - Service started
2026-03-06 14:25 - error - Disk full
2026-03-06 14:26 - ERROR - Disk full
2026-03-06 14:11 - error - User logged out
2026-03-06 14:20 - SUCCESS - Connection failed
2026-03-06 14:23 - CRITICAL - User cancelled
2026-03-06 14:46 - CRITICAL - Connection failed
2026-03-06 14:14 - DEBUG - Disk full
2026-03-06 14:49 - CRITICAL - User logged out
2026-03-06 14:39 - error - Service failed
2026-03-06 14:11 - INFO - User cancelled
2026-03-06 14:53 - Success - User cancelled
2026-03-06 14:37 - CRITICAL - Disk full
2026-03-06 14:52 - Critical - Connection failed
2026-03-06 14:59 - CRITICAL - Timeout occurred
2026-03-06 14:23 - error - User logged out
2026-03-06 14:53 - Critical - Timeout occurred
2026-03-06 14:38 - DEBUG - Disk full
2026-03-06 14:58 - error - Timeout occurred
2026-03-06 14:31 - error - Timeout occurred
2026-03-06 14:30 - INFO - Connection failed
2026-03-06 14:47 - ERROR - Disk full
2026-03-06 14:24 - error - User logged in
2026-03-06 14:53 - Success - User cancelled
2026-03-06 14:16 - Success - User logged out
2026-03-06 14:53 - Success - Service started
2026-03-06 14:26 - ERROR - Service started
2026-03-06 14:35 - error - Service started
2026-03-06 14:48 - Critical - Connection failed
2026-03-06 14:23 - INFO - Disk full
2026-03-06 14:23 - ERROR - Service failed
2026-03-06 14:42 - Critical - User logged out
2026-03-06 14:12 - ERROR - User logged out
2026-03-06 14:51 - Success - Service failed
2026-03-06 14:32 - SUCCESS - User logged out
2026-03-06 14:39 - WARNING - Timeout occurred
2026-03-06 14:13 - CRITICAL - Connection failed
2026-03-06 14:49 - SUCCESS - Connection failed
2026-03-06 14:26 - ERROR - User logged in
2026-03-06 14:24 - SUCCESS - Connection failed
2026-03-06 14:37 - INFO - Service failed
2026-03-06 14:54 - error - Service started
2026-03-06 14:47 - ERROR - User logged out
2026-03-06 14:12 - DEBUG - User cancelled
2026-03-06 14:23 - error - Timeout occurred
2026-03-06 14:20 - DEBUG - Connection failed
2026-03-06 14:53 - SUCCESS - Service started
2026-03-06 14:43 - CRITICAL - Disk full
2026-03-06 14:52 - INFO - Disk full
2026-03-06 14:51 - SUCCESS - Timeout occurred
2026-03-06 14:46 - WARNING - Service failed
2026-03-06 14:10 - Success - Timeout occurred
2026-03-06 14:49 - WARNING - Service started
2026-03-06 14:40 - DEBUG - User logged out
2026-03-06 14:58 - Critical - Disk full
2026-03-06 14:18 - WARNING - User cancelled
2026-03-06 14:45 - Success - Service failed
2026-03-06 14:58 - CRITICAL - User logged out
2026-03-06 14:24 - error - Timeout occurred
2026-03-06 14:54 - Critical - User logged in
2026-03-06 14:19 - WARNING - User cancelled
2026-03-06 14:28 - WARNING - User logged out
2026-03-06 14:26 - SUCCESS - Service started
2026-03-06 14:47 - WARNING - Service started
2026-03-06 14:46 - SUCCESS - Disk full
2026-03-06 14:12 - INFO - Connection failed
2026-03-06 14:50 - WARNING - Service started
2026-03-06 14:36 - SUCCESS - Timeout occurred
2026-03-06 14:24 - WARNING - User cancelled
2026-03-06 14:23 - ERROR - Disk full
2026-03-06 14:41 - SUCCESS - User logged in
2026-03-06 14:42 - Critical - Timeout occurred
2026-03-06 14:16 - DEBUG - User cancelled
2026-03-06 14:33 - Critical - User logged in
2026-03-06 14:21 - INFO - Disk full
2026-03-06 14:14 - WARNING - Service failed
2026-03-06 14:50 - WARNING - Disk full
2026-03-06 14:25 - INFO - Service failed
2026-03-06 14:27 - Success - Disk full
2026-03-06 14:50 - ERROR - User cancelled
2026-03-06 14:44 - error - Service failed
2026-03-06 14:44 - error - Service failed
2026-03-06 14:59 - WARNING - Disk full
2026-03-06 14:49 - Success - Timeout occurred
2026-03-06 14:55 - CRITICAL - User cancelled
2026-03-06 14:25 - WARNING - Service started
2026-03-06 14:17 - Critical - Connection failed
2026-03-06 14:51 - ERROR - User cancelled
2026-03-06 14:24 - DEBUG - Connection failed
2026-03-06 14:55 - DEBUG - Service started
2026-03-06 14:59 - CRITICAL - Disk full
2026-03-06 14:27 - WARNING - Disk full
2026-03-06 14:55 - SUCCESS - User logged in
2026-03-06 14:53 - INFO - Disk full
2026-03-06 14:45 - Critical - Timeout occurred
2026-03-06 14:17 - CRITICAL - User logged in
2026-03-06 14:18 - INFO - Service started
2026-03-06 14:35 - SUCCESS - Timeout occurred
2026-03-06 14:31 - Critical - Timeout occurred
2026-03-06 14:50 - ERROR - User logged out
2026-03-06 14:41 - WARNING - Service failed
2026-03-06 14:16 - ERROR - Service failed
2026-03-06 14:13 - CRITICAL - Disk full
2026-03-06 14:39 - CRITICAL - Connection failed
2026-03-06 14:22 - error - Service failed
2026-03-06 14:27 - Critical - Timeout occurred
2026-03-06 14:50 - WARNING - User logged out
2026-03-06 14:11 - INFO - Service failed
2026-03-06 14:26 - DEBUG - Connection failed
2026-03-06 14:40 - Success - Service failed
2026-03-06 14:53 - error - Disk full
2026-03-06 14:35 - INFO - Service failed
2026-03-06 14:58 - ERROR - Disk full
2026-03-06 14:55 - DEBUG - Service started
2026-03-06 14:52 - WARNING - Disk full
2026-03-06 14:15 - Critical - Service started
2026-03-06 14:28 - INFO - Service failed
2026-03-06 14:17 - CRITICAL - User logged out
2026-03-06 14:49 - DEBUG - Disk full
2026-03-06 14:56 - WARNING - Connection failed
2026-03-06 14:41 - Success - Service started
2026-03-06 14:12 - Critical - Service failed
2026-03-06 14:17 - DEBUG - Service failed
2026-03-06 14:41 - error - User logged in
2026-03-06 14:44 - DEBUG - User cancelled
2026-03-06 14:39 - SUCCESS - User logged out
2026-03-06 14:52 - CRITICAL - Service started
2026-03-06 14:33 - error - Timeout occurred
2026-03-06 14:23 - Success - User logged in
2026-03-06 14:33 - Success - User logged out
2026-03-06 14:52 - Critical - Timeout occurred
2026-03-06 14:14 - Critical - User logged out
2026-03-06 14:17 - Critical - Service started
2026-03-06 14:13 - WARNING - User logged in
2026-03-06 14:31 - error - Timeout occurred
2026-03-06 14:40 - CRITICAL - Disk full
2026-03-06 14:25 - SUCCESS - Timeout occurred
2026-03-06 14:13 - INFO - User logged in
2026-03-06 14:26 - CRITICAL - Disk full
2026-03-06 14:16 - INFO - Disk full
2026-03-06 14:33 - ERROR - Service failed
2026-03-06 14:59 - INFO - Disk full
2026-03-06 14:37 - WARNING - Disk full
2026-03-06 14:31 - ERROR - User logged in
2026-03-06 14:48 - Critical - Connection failed
2026-03-06 14:51 - Critical - User cancelled
2026-03-06 14:35 - ERROR - Service failed
2026-03-06 14:25 - error - Disk full
2026-03-06 14:54 - Success - Service started
2026-03-06 14:53 - Success - Timeout occurred
2026-03-06 14:44 - CRITICAL - Connection failed
2026-03-06 14:14 - Success - User logged out
2026-03-06 14:25 - CRITICAL - Timeout occurred
2026-03-06 14:31 - Critical - Service failed
2026-03-06 14:33 - SUCCESS - Connection failed
2026-03-06 14:29 - error - Disk full
2026-03-06 14:42 - CRITICAL - Connection failed
2026-03-06 14:26 - error - User cancelled
2026-03-06 14:32 - CRITICAL - Disk full
2026-03-06 14:48 - Success - User cancelled
2026-03-06 14:11 - Critical - Timeout occurred
2026-03-06 14:20 - Success - User logged out
2026-03-06 14:59 - Critical - Disk full
2026-03-06 14:14 - error - User cancelled
2026-03-06 14:40 - INFO - User logged out
2026-03-06 14:46 - error - User cancelled
2026-03-06 14:47 - INFO - Timeout occurred
2026-03-06 14:52 - error - Timeout occurred
2026-03-06 14:34 - INFO - Timeout occurred
2026-03-06 14:44 - error - User cancelled
2026-03-06 14:56 - ERROR - User cancelled
2026-03-06 14:31 - Critical - User logged out
2026-03-06 14:36 - error - Service started
2026-03-06 14:51 - error - User logged out
2026-03-06 14:41 - INFO - Timeout occurred
2026-03-06 14:50 - INFO - Service started
2026-03-06 14:58 - WARNING - User cancelled
2026-03-06 14:29 - SUCCESS - Service started
2026-03-06 14:59 - SUCCESS - Service started
2026-03-06 14:31 - ERROR - User logged in
2026-03-06 14:56 - DEBUG - Service failed
2026-03-06 14:24 - DEBUG - Connection failed
2026-03-06 14:23 - error - User cancelled
2026-03-06 14:13 - SUCCESS - Connection failed
2026-03-06 14:53 - CRITICAL - Connection failed
2026-03-06 14:35 - ERROR - User logged in
2026-03-06 14:53 - CRITICAL - User logged in
2026-03-06 14:42 - error - Disk full
2026-03-06 14:39 - Success - Timeout occurred
2026-03-06 14:16 - error - Timeout occurred
2026-03-06 14:21 - DEBUG - User logged in
2026-03-06 14:55 - CRITICAL - Timeout occurred
2026-03-06 14:31 - DEBUG - User logged out
2026-03-06 14:34 - ERROR - User cancelled
2026-03-06 14:40 - DEBUG - Connection failed
2026-03-06 14:46 - WARNING - Disk full
2026-03-06 14:55 - WARNING - Timeout occurred
2026-03-06 14:28 - Success - Service started
2026-03-06 14:53 - INFO - Service failed
2026-03-06 14:49 - Critical - Service failed
2026-03-06 14:13 - INFO - User logged in
2026-03-06 14:29 - Success - Connection failed
2026-03-06 14:41 - ERROR - Service started
2026-03-06 14:35 - Success - Connection failed
2026-03-06 14:18 - ERROR - Service started
2026-03-06 14:25 - SUCCESS - Service failed
2026-03-06 14:10 - WARNING - User logged in
2026-03-06 14:46 - WARNING - Timeout occurred
2026-03-06 14:55 - error - User cancelled
2026-03-06 14:34 - DEBUG - Service started
2026-03-06 14:46 - ERROR - Service started
2026-03-06 14:18 - SUCCESS - User logged in
2026-03-06 14:47 - WARNING - Service started
2026-03-06 14:44 - DEBUG - User logged in
2026-03-06 14:40 - SUCCESS - Timeout occurred
2026-03-06 14:32 - WARNING - Timeout occurred
2026-03-06 14:41 - DEBUG - User cancelled
2026-03-06 14:57 - Success - User logged in
2026-03-06 14:42 - DEBUG - Disk full
2026-03-06 14:22 - INFO - Timeout occurred
2026-03-06 14:39 - Critical - User logged in
2026-03-06 14:50 - DEBUG - User logged in
2026-03-06 14:24 - DEBUG - User logged in
2026-03-06 14:21 - WARNING - Service started
2026-03-06 14:14 - ERROR - User cancelled
2026-03-06 14:28 - DEBUG - Service failed
2026-03-06 14:58 - WARNING - Disk full
2026-03-06 14:50 - CRITICAL - Service failed
2026-03-06 14:28 - error - User cancelled
2026-03-06 14:10 - ERROR - Disk full
2026-03-06 14:11 - INFO - Service failed
2026-03-06 14:15 - error - Disk full
2026-03-06 14:22 - SUCCESS - User logged out
2026-03-06 14:26 - error - User cancelled
2026-03-06 14:22 - error - Service started
2026-03-06 14:51 - WARNING - User logged in
2026-03-06 14:37 - Critical - Connection failed
2026-03-06 14:23 - CRITICAL - Disk full
2026-03-06 14:49 - WARNING - Timeout occurred
2026-03-06 14:51 - INFO - Disk full
2026-03-06 14:37 - INFO - Service started
2026-03-06 14:15 - Success - Timeout occurred
2026-03-06 14:45 - WARNING - Connection failed
2026-03-06 14:11 - Success - Service started
2026-03-06 14:36 - DEBUG - User cancelled
2026-03-06 14:44 - WARNING - Timeout occurred
2026-03-06 14:54 - ERROR - Connection failed
2026-03-06 14:32 - DEBUG - Service failed
2026-03-06 14:41 - DEBUG - Service failed
2026-03-06 14:11 - ERROR - Service failed
2026-03-06 14:16 - error - User logged in
2026-03-06 14:44 - DEBUG - User cancelled
2026-03-06 14:16 - DEBUG - Service started
2026-03-06 14:32 - ERROR - User logged out
2026-03-06 14:35 - SUCCESS - Timeout occurred
2026-03-06 14:21 - WARNING - User cancelled
2026-03-06 14:38 - ERROR - Service started
2026-03-06 14:15 - WARNING - User cancelled
2026-03-06 14:58 - WARNING - User cancelled
2026-03-06 14:12 - Critical - Service started
2026-03-06 14:55 - WARNING - Service started
2026-03-06 14:12 - DEBUG - User logged out
2026-03-06 14:51 - Success - Timeout occurred
2026-03-06 14:48 - CRITICAL - Connection failed
2026-03-06 14:18 - CRITICAL - Disk full
2026-03-06 14:57 - INFO - User logged in
2026-03-06 14:48 - Critical - Service failed
2026-03-06 14:46 - DEBUG - User logged in
2026-03-06 14:12 - WARNING - User cancelled
2026-03-06 14:15 - ERROR - Connection failed
2026-03-06 14:26 - DEBUG - Timeout occurred
2026-03-06 14:32 - WARNING - User logged in
2026-03-06 14:45 - error - Service failed
2026-03-06 14:17 - DEBUG - Timeout occurred
2026-03-06 14:48 - WARNING - User logged out
2026-03-06 14:36 - WARNING - User logged in
2026-03-06 14:25 - ERROR - User logged out
2026-03-06 14:27 - WARNING - Timeout occurred
2026-03-06 14:24 - ERROR - User logged out
2026-03-06 14:13 - SUCCESS - Service failed
2026-03-06 14:43 - DEBUG - User logged out
2026-03-06 14:28 - CRITICAL - Connection failed
2026-03-06 14:35 - error - User logged in
2026-03-06 14:40 - error - User cancelled
2026-03-06 14:21 - Success - Disk full
2026-03-06 14:55 - ERROR - Disk full
2026-03-06 14:27 - CRITICAL - Timeout occurred
2026-03-06 14:54 - SUCCESS - User logged in
2026-03-06 14:23 - Critical - Connection failed
2026-03-06 14:10 - Critical - User logged in
2026-03-06 14:45 - SUCCESS - User cancelled
2026-03-06 14:59 - SUCCESS - Service started
2026-03-06 14:58 - DEBUG - Connection failed
2026-03-06 14:24 - WARNING - User logged out
2026-03-06 14:39 - SUCCESS - User logged out
2026-03-06 14:38 - SUCCESS - Timeout occurred
2026-03-06 14:38 - error - User logged out
2026-03-06 14:28 - Critical - Service started
2026-03-06 14:57 - CRITICAL - User cancelled
2026-03-06 14:24 - DEBUG - User logged out
2026-03-06 14:32 - WARNING - Connection failed
2026-03-06 14:38 - WARNING - User logged out
2026-03-06 14:34 - error - User logged out
2026-03-06 14:19 - WARNING - Connection failed
2026-03-06 14:13 - SUCCESS - Service failed
2026-03-06 14:16 - DEBUG - Connection failed
2026-03-06 14:40 - Success - User cancelled
2026-03-06 14:14 - DEBUG - User logged in
2026-03-06 14:30 - DEBUG - User cancelled
2026-03-06 14:41 - INFO - User logged out
2026-03-06 14:43 - WARNING - Connection failed
2026-03-06 14:58 - CRITICAL - Connection failed
2026-03-06 14:51 - ERROR - User logged in
2026-03-06 14:21 - WARNING - Connection failed
2026-03-06 14:58 - CRITICAL - User logged out
2026-03-06 14:38 - WARNING - Disk full
2026-03-06 14:29 - DEBUG - User cancelled
2026-03-06 14:23 - Success - Service started
2026-03-06 14:23 - WARNING - User logged out
2026-03-06 14:29 - SUCCESS - Connection failed
2026-03-06 14:21 - ERROR - Connection failed
2026-03-06 14:37 - SUCCESS - Disk full
2026-03-06 14:54 - Critical - User cancelled
2026-03-06 14:30 - ERROR - User logged out
2026-03-06 14:31 - error - User logged in
2026-03-06 14:58 - SUCCESS - User logged in
2026-03-06 14:29 - ERROR - Timeout occurred
2026-03-06 14:41 - Success - Service started
2026-03-06 14:19 - error - Service started
2026-03-06 14:18 - INFO - User cancelled
2026-03-06 14:30 - WARNING - Service started
2026-03-06 14:44 - error - Disk full
2026-03-06 14:40 - INFO - Timeout occurred
2026-03-06 14:21 - ERROR - Service failed
2026-03-06 14:37 - ERROR - Service started
2026-03-06 14:21 - DEBUG - User cancelled
2026-03-06 14:59 - Critical - Service started
2026-03-06 14:20 - WARNING - Connection failed
2026-03-06 14:17 - error - User logged in
2026-03-06 14:46 - DEBUG - Disk full
2026-03-06 14:54 - INFO - Connection failed
2026-03-06 14:31 - WARNING - Service started
2026-03-06 14:38 - INFO - Disk full
2026-03-06 14:43 - Success - Disk full
2026-03-06 14:24 - WARNING - Disk full
2026-03-06 14:43 - ERROR - User logged out
2026-03-06 14:23 - error - Connection failed
2026-03-06 14:21 - INFO - Service started
2026-03-06 14:47 - WARNING - Timeout occurred
2026-03-06 14:40 - SUCCESS - Service failed
2026-03-06 14:10 - Success - User logged out
2026-03-06 14:42 - DEBUG - User logged in
2026-03-06 14:26 - Success - Service failed
2026-03-06 14:22 - CRITICAL - Service started
2026-03-06 14:46 - WARNING - Service started
2026-03-06 14:11 - CRITICAL - User logged out
2026-03-06 14:48 - DEBUG - User cancelled
2026-03-06 14:12 - CRITICAL - Connection failed
2026-03-06 14:29 - DEBUG - User cancelled
2026-03-06 14:49 - DEBUG - User cancelled
2026-03-06 14:20 - DEBUG - User cancelled
2026-03-06 14:16 - Critical - Service failed
2026-03-06 14:55 - INFO - Disk full
2026-03-06 14:22 - error - Timeout occurred
2026-03-06 14:22 - WARNING - User cancelled
2026-03-06 14:15 - SUCCESS - Disk full
2026-03-06 14:52 - DEBUG - User cancelled
2026-03-06 14:15 - Success - User cancelled
2026-03-06 14:35 - SUCCESS - User logged in
2026-03-06 14:34 - WARNING - User cancelled
2026-03-06 14:50 - SUCCESS - User logged in
2026-03-06 14:11 - error - Connection failed
2026-03-06 14:42 - ERROR - Service failed
2026-03-06 14:19 - ERROR - Connection failed
2026-03-06 14:57 - error - Service started
2026-03-06 14:28 - Critical - Disk full
2026-03-06 14:32 - Success - Disk full
2026-03-06 14:39 - WARNING - Timeout occurred
2026-03-06 14:25 - ERROR - User logged out
2026-03-06 14:41 - WARNING - Timeout occurred
2026-03-06 14:53 - INFO - Service failed
2026-03-06 14:40 - SUCCESS - Service started
2026-03-06 14:26 - CRITICAL - User logged out
2026-03-06 14:14 - ERROR - Timeout occurred
2026-03-06 14:19 - CRITICAL - Service started
2026-03-06 14:56 - DEBUG - Service started
2026-03-06 14:10 - Success - Service started
2026-03-06 14:20 - ERROR - User cancelled
2026-03-06 14:29 - WARNING - User logged out
2026-03-06 14:55 - DEBUG - User cancelled
2026-03-06 14:14 - CRITICAL - User logged in
2026-03-06 14:47 - Success - User logged out
2026-03-06 14:54 - SUCCESS - Disk full
2026-03-06 14:54 - ERROR - Service started
2026-03-06 14:20 - WARNING - Disk full
2026-03-06 14:14 - Success - Connection failed
2026-03-06 14:17 - SUCCESS - User cancelled
2026-03-06 14:38 - Critical - User logged in
2026-03-06 14:30 - CRITICAL - User logged out
2026-03-06 14:51 - DEBUG - Timeout occurred
2026-03-06 14:15 - SUCCESS - User logged out
2026-03-06 14:46 - error - User cancelled
2026-03-06 14:39 - ERROR - User logged out
2026-03-06 14:57 - ERROR - User cancelled
2026-03-06 14:28 - SUCCESS - Service failed
2026-03-06 14:16 - ERROR - Connection failed
2026-03-06 14:40 - error - User logged in
2026-03-06 14:28 - error - Service failed
2026-03-06 14:32 - WARNING - User cancelled
2026-03-06 14:27 - error - User cancelled
2026-03-06 14:11 - Critical - User logged in
2026-03-06 14:39 - CRITICAL - Timeout occurred
2026-03-06 14:40 - ERROR - Connection failed
2026-03-06 14:59 - DEBUG - Connection failed
2026-03-06 14:11 - SUCCESS - User cancelled
2026-03-06 14:33 - Success - User cancelled
2026-03-06 14:10 - DEBUG - Service failed
2026-03-06 14:37 - Success - Timeout occurred
2026-03-06 14:15 - error - Service started
2026-03-06 14:29 - CRITICAL - Timeout occurred
2026-03-06 14:23 - WARNING - Connection failed
2026-03-06 14:28 - CRITICAL - Disk full
2026-03-06 14:12 - SUCCESS - Service started
2026-03-06 14:56 - Critical - Disk full
2026-03-06 14:50 - INFO - Connection failed
2026-03-06 14:21 - DEBUG - Timeout occurred
2026-03-06 14:37 - CRITICAL - Service started
2026-03-06 14:56 - WARNING - Disk full
2026-03-06 14:35 - Success - Connection failed
2026-03-06 14:40 - INFO - Connection failed
2026-03-06 14:17 - error - Timeout occurred
2026-03-06 14:11 - Critical - User logged in
2026-03-06 14:52 - INFO - User logged in
2026-03-06 14:31 - INFO - Timeout occurred
2026-03-06 14:15 - ERROR - User cancelled
2026-03-06 14:35 - INFO - User cancelled
2026-03-06 14:19 - DEBUG - Service failed
2026-03-06 14:24 - CRITICAL - User logged in
2026-03-06 14:29 - WARNING - User cancelled
2026-03-06 14:21 - Success - User logged in
2026-03-06 14:45 - error - User logged in
2026-03-06 14:41 - ERROR - Disk full
2026-03-06 14:46 - WARNING - Timeout occurred
2026-03-06 14:56 - SUCCESS - Connection failed
2026-03-06 14:31 - SUCCESS - Timeout occurred
2026-03-06 14:57 - WARNING - Service started
2026-03-06 14:44 - DEBUG - User cancelled
2026-03-06 14:56 - WARNING - Connection failed
2026-03-06 14:14 - Success - Service started
2026-03-06 14:58 - CRITICAL - Timeout occurred
2026-03-06 14:25 - WARNING - Connection failed
2026-03-06 14:51 - ERROR - User cancelled
2026-03-06 14:27 - Success - Disk full
2026-03-06 14:48 - ERROR - User cancelled
2026-03-06 14:23 - Critical - Timeout occurred
2026-03-06 14:59 - Critical - User logged in
2026-03-06 14:18 - CRITICAL - Disk full
2026-03-06 14:52 - ERROR - Timeout occurred
2026-03-06 14:16 - CRITICAL - Timeout occurred
2026-03-06 14:44 - Critical - Service started
2026-03-06 14:42 - Success - User logged in
2026-03-06 14:33 - DEBUG - Service failed
2026-03-06 14:21 - Success - Service started
2026-03-06 14:44 - CRITICAL - Timeout occurred
2026-03-06 14:58 - Critical - Service started
2026-03-06 14:53 - SUCCESS - User logged out
2026-03-06 14:58 - CRITICAL - Service started
2026-03-06 14:48 - CRITICAL - Connection failed
2026-03-06 14:38 - WARNING - User logged out
2026-03-06 14:14 - WARNING - User logged out
2026-03-06 14:39 - CRITICAL - User cancelled
2026-03-06 14:52 - ERROR - Service started
2026-03-06 14:38 - SUCCESS - User logged in
2026-03-06 14:13 - Success - User logged out
2026-03-06 14:33 - WARNING - Connection failed
2026-03-06 14:25 - Success - User logged in
2026-03-06 14:34 - CRITICAL - Disk full
2026-03-06 14:58 - ERROR - Disk full
2026-03-06 14:54 - error - Service started
2026-03-06 14:59 - DEBUG - Connection failed
2026-03-06 14:58 - CRITICAL - Connection failed
2026-03-06 14:28 - SUCCESS - User logged in
2026-03-06 14:10 - error - Service started
2026-03-06 14:51 - Critical - Disk full
2026-03-06 14:17 - ERROR - Service started
2026-03-06 14:25 - SUCCESS - Timeout occurred
2026-03-06 14:32 - Critical - Service failed
2026-03-06 14:12 - Critical - User logged out
2026-03-06 14:14 - CRITICAL - Disk full
2026-03-06 14:29 - WARNING - Service started
2026-03-06 14:56 - WARNING - Connection failed
2026-03-06 14:30 - WARNING - Service failed
2026-03-06 14:31 - error - Connection failed
2026-03-06 14:22 - WARNING - Connection failed
2026-03-06 14:16 - SUCCESS - Disk full
2026-03-06 14:56 - INFO - Timeout occurred
2026-03-06 14:19 - WARNING - Service started
2026-03-06 14:22 - error - User logged out
2026-03-06 14:46 - Critical - Timeout occurred
2026-03-06 14:51 - SUCCESS - Timeout occurred
2026-03-06 14:33 - DEBUG - Service failed
2026-03-06 14:10 - WARNING - Connection failed
2026-03-06 14:37 - Critical - Service started
2026-03-06 14:18 - SUCCESS - Connection failed
2026-03-06 14:42 - error - User logged out
2026-03-06 14:26 - WARNING - User logged in
2026-03-06 14:29 - INFO - User cancelled
2026-03-06 14:29 - ERROR - Timeout occurred
2026-03-06 14:44 - CRITICAL - User logged in
2026-03-06 14:28 - Success - User logged out
2026-03-06 14:35 - WARNING - User logged out
2026-03-06 14:50 - ERROR - Service started
2026-03-06 14:47 - DEBUG - User cancelled
2026-03-06 14:16 - DEBUG - Disk full
2026-03-06 14:53 - INFO - Timeout occurred
2026-03-06 14:24 - Success - Connection failed
2026-03-06 14:58 - Success - User logged in
2026-03-06 14:57 - WARNING - Disk full
2026-03-06 14:23 - DEBUG - User cancelled
2026-03-06 14:12 - WARNING - Timeout occurred
2026-03-06 14:11 - error - Disk full
2026-03-06 14:11 - error - Connection failed
2026-03-06 14:25 - DEBUG - Connection failed
2026-03-06 14:12 - WARNING - User logged in
2026-03-06 14:44 - SUCCESS - User logged out
2026-03-06 14:28 - Success - Service failed
2026-03-06 14:41 - WARNING - User logged out
2026-03-06 14:50 - DEBUG - Disk full
2026-03-06 14:11 - DEBUG - Service started
2026-03-06 14:30 - DEBUG - User cancelled
2026-03-06 14:56 - WARNING - Service failed
2026-03-06 14:37 - INFO - Timeout occurred
2026-03-06 14:57 - Success - User cancelled
2026-03-06 14:13 - INFO - User logged in
2026-03-06 14:55 - DEBUG - User logged in
2026-03-06 14:57 - Critical - Timeout occurred
2026-03-06 14:12 - DEBUG - Service failed
2026-03-06 14:40 - Success - User logged in
2026-03-06 14:32 - DEBUG - Connection failed
2026-03-06 14:52 - Critical - Service started
2026-03-06 14:24 - DEBUG - User cancelled
2026-03-06 14:27 - error - User logged out
2026-03-06 14:51 - DEBUG - Disk full
2026-03-06 14:11 - CRITICAL - User logged out
2026-03-06 14:27 - SUCCESS - Service failed
2026-03-06 14:32 - INFO - Service started
2026-03-06 14:44 - Critical - User logged out
2026-03-06 14:45 - INFO - Service started
2026-03-06 14:51 - WARNING - Timeout occurred
2026-03-06 14:21 - Success - Disk full
2026-03-06 14:33 - INFO - Service started
2026-03-06 14:56 - WARNING - Connection failed
2026-03-06 14:17 - INFO - User logged out
2026-03-06 14:35 - INFO - User cancelled
2026-03-06 14:41 - ERROR - Disk full
2026-03-06 14:12 - WARNING - Service failed
2026-03-06 14:47 - DEBUG - User logged in
2026-03-06 14:52 - WARNING - Timeout occurred
2026-03-06 14:12 - Success - Timeout occurred
2026-03-06 14:39 - DEBUG - Service started
2026-03-06 14:49 - INFO - User logged out
2026-03-06 14:20 - WARNING - User cancelled
2026-03-06 14:46 - Success - Timeout occurred
2026-03-06 14:35 - WARNING - Service failed
2026-03-06 14:56 - WARNING - Connection failed
2026-03-06 14:52 - DEBUG - User logged in
2026-03-06 14:55 - INFO - Connection failed
2026-03-06 14:33 - DEBUG - Connection failed
2026-03-06 14:56 - INFO - User logged out
2026-03-06 14:44 - DEBUG - User logged out
2026-03-06 14:37 - ERROR - Service failed
2026-03-06 14:29 - SUCCESS - Connection failed
2026-03-06 14:54 - WARNING - Service failed
2026-03-06 14:10 - WARNING - User cancelled
2026-03-06 14:23 - CRITICAL - Timeout occurred
2026-03-06 14:32 - INFO - Connection failed
2026-03-06 14:11 - Critical - User cancelled
2026-03-06 14:22 - CRITICAL - Service failed
2026-03-06 14:32 - WARNING - User logged out
2026-03-06 14:25 - Critical - Timeout occurred
2026-03-06 14:23 - SUCCESS - User cancelled
2026-03-06 14:54 - CRITICAL - Connection failed
2026-03-06 14:57 - CRITICAL - Timeout occurred
2026-03-06 14:40 - WARNING - Service failed
2026-03-06 14:30 - Success - User logged in
2026-03-06 14:28 - DEBUG - Timeout occurred
2026-03-06 14:18 - CRITICAL - User cancelled
2026-03-06 14:45 - Success - Disk full
2026-03-06 14:53 - SUCCESS - Timeout occurred
2026-03-06 14:22 - CRITICAL - User logged out
2026-03-06 14:41 - Critical - Timeout occurred
2026-03-06 14:42 - ERROR - Disk full
2026-03-06 14:54 - ERROR - Connection failed
2026-03-06 14:30 - DEBUG - Service failed
2026-03-06 14:58 - ERROR - Timeout occurred
2026-03-06 14:30 - SUCCESS - Timeout occurred
2026-03-06 14:29 - SUCCESS - Connection failed
2026-03-06 14:38 - Critical - Connection failed
2026-03-06 14:34 - WARNING - Timeout occurred
2026-03-06 14:15 - SUCCESS - Service failed
2026-03-06 14:40 - error - User logged in
2026-03-06 14:34 - ERROR - Service started
2026-03-06 14:34 - INFO - Service started
2026-03-06 14:54 - Critical - Connection failed
2026-03-06 14:22 - INFO - Service started
2026-03-06 14:13 - error - User cancelled
2026-03-06 14:44 - SUCCESS - Service started
2026-03-06 14:51 - Critical - Service failed
2026-03-06 14:52 - DEBUG - Timeout occurred
2026-03-06 14:37 - Success - Timeout occurred
2026-03-06 14:20 - WARNING - Timeout occurred
2026-03-06 14:36 - DEBUG - User cancelled
2026-03-06 14:35 - DEBUG - Timeout occurred
2026-03-06 14:41 - DEBUG - Service failed
2026-03-06 14:24 - WARNING - Disk full
2026-03-06 14:22 - Success - Service failed
2026-03-06 14:42 - INFO - Timeout occurred
2026-03-06 14:37 - SUCCESS - Service started
2026-03-06 14:24 - error - User cancelled
2026-03-06 14:12 - Critical - User cancelled
2026-03-06 14:24 - CRITICAL - Timeout occurred
2026-03-06 14:13 - INFO - User logged in
2026-03-06 14:21 - ERROR - Connection failed
2026-03-06 14:36 - SUCCESS - Connection failed
2026-03-06 14:34 - WARNING - Connection failed
2026-03-06 14:13 - CRITICAL - User logged out
2026-03-06 14:24 - Success - User logged in
2026-03-06 14:21 - DEBUG - Service failed
2026-03-06 14:38 - SUCCESS - User logged out
2026-03-06 14:16 - WARNING - User logged out
2026-03-06 14:40 - DEBUG - User logged out
2026-03-06 14:54 - SUCCESS - Service failed
2026-03-06 14:57 - WARNING - Connection failed
2026-03-06 14:48 - INFO - Connection failed
2026-03-06 14:31 - DEBUG - User cancelled
2026-03-06 14:51 - ERROR - Service failed
2026-03-06 14:15 - error - User logged in
2026-03-06 14:26 - Success - Service started
2026-03-06 14:21 - INFO - User logged in
2026-03-06 14:26 - ERROR - Timeout occurred
2026-03-06 14:45 - WARNING - User logged in
2026-03-06 14:27 - ERROR - Connection failed
2026-03-06 14:42 - Success - Service failed
2026-03-06 14:54 - SUCCESS - Service failed
2026-03-06 14:15 - Critical - User logged in
2026-03-06 14:42 - Success - User logged in
2026-03-06 14:16 - DEBUG - Service failed
2026-03-06 14:10 - CRITICAL - Service failed
2026-03-06 14:45 - DEBUG - User logged out
2026-03-06 14:18 - error - User logged in
2026-03-06 14:49 - INFO - Service started
2026-03-06 14:38 - INFO - Connection failed
2026-03-06 14:11 - DEBUG - Service failed
2026-03-06 14:30 - ERROR - User logged out
2026-03-06 14:20 - WARNING - Connection failed
2026-03-06 14:35 - error - Connection failed
2026-03-06 14:33 - ERROR - Service failed
2026-03-06 14:57 - CRITICAL - Service started
2026-03-06 14:22 - error - User cancelled
2026-03-06 14:51 - INFO - Disk full
2026-03-06 14:27 - SUCCESS - Service failed
2026-03-06 14:17 - Critical - User logged in
2026-03-06 14:24 - INFO - User logged in
2026-03-06 14:31 - error - Service started
2026-03-06 14:43 - Critical - User logged in
2026-03-06 14:57 - DEBUG - User logged out
2026-03-06 14:17 - ERROR - Service started
2026-03-06 14:33 - error - User logged in
2026-03-06 14:52 - WARNING - Timeout occurred
2026-03-06 14:54 - CRITICAL - User logged in
2026-03-06 14:22 - WARNING - User logged out
2026-03-06 14:55 - INFO - User logged out
2026-03-06 14:56 - SUCCESS - Connection failed
2026-03-06 14:48 - error - User logged in
2026-03-06 14:39 - DEBUG - Service failed
2026-03-06 14:19 - DEBUG - Connection failed
2026-03-06 14:15 - error - Service started
2026-03-06 14:48 - Success - User logged in
2026-03-06 14:17 - WARNING - Timeout occurred
2026-03-06 14:25 - SUCCESS - User logged in
2026-03-06 14:27 - Success - Service started
2026-03-06 14:51 - WARNING - Service started
2026-03-06 14:14 - ERROR - Timeout occurred
2026-03-06 14:17 - SUCCESS - User cancelled
2026-03-06 14:41 - ERROR - Connection failed
2026-03-06 14:47 - INFO - User logged in
2026-03-06 14:42 - ERROR - User logged out
2026-03-06 14:33 - ERROR - User logged out
2026-03-06 14:36 - ERROR - Timeout occurred
2026-03-06 14:16 - ERROR - Service started
2026-03-06 14:45 - Success - Connection failed
2026-03-06 14:59 - WARNING - Service failed
2026-03-06 14:49 - SUCCESS - User cancelled
2026-03-06 14:50 - DEBUG - Disk full
2026-03-06 14:13 - Critical - Connection failed
2026-03-06 14:58 - error - Connection failed
2026-03-06 14:17 - Success - User logged in
2026-03-06 14:41 - DEBUG - User cancelled
2026-03-06 14:41 - WARNING - Disk full
2026-03-06 14:47 - INFO - Service failed
2026-03-06 14:31 - CRITICAL - User cancelled
2026-03-06 14:18 - WARNING - Service failed
2026-03-06 14:24 - Success - Service failed
2026-03-06 14:29 - INFO - Service started
2026-03-06 14:49 - SUCCESS - Disk full
2026-03-06 14:20 - DEBUG - Service started
2026-03-06 14:44 - WARNING - User logged in
