USR671 PROJECT_COMPLETE 124.31 110min Fedora_v43
USR162 PROJECT_COMPLETE 130.54 99min Fedora_v43
USR266 WITHDRAWAL 328.73 35min Android_v14
USR262 PROJECT_COMPLETE 497.6 115min Windows_11
USR337 WITHDRAWAL 360.48 45min Android_v14
USR272 BONUS 329.24 98min iOS_v17
USR345 BONUS 314.89 55min Windows_11
USR286 PROJECT_COMPLETE 467.96 111min Fedora_v43
USR824 PROJECT_COMPLETE 272.03 98min iOS_v17
USR191 BONUS 234.69 33min Fedora_v43
USR976 REFUND 100.52 104min Fedora_v43
USR263 REFUND 352.8 44min iOS_v17
USR763 PROJECT_COMPLETE 402.0 30min Fedora_v43
USR657 REFUND 187.98 13min Windows_11
USR405 BONUS 92.96 13min Android_v14
USR247 WITHDRAWAL 415.5 18min Windows_11
USR170 REFUND 372.84 76min Android_v14
USR899 BONUS 338.14 100min Android_v14
USR155 BONUS 422.61 84min Fedora_v43
USR645 PROJECT_COMPLETE 131.59 64min Fedora_v43
USR885 PROJECT_COMPLETE 425.66 43min Fedora_v43
USR560 REFUND 71.09 78min Windows_11
USR304 BONUS 418.04 45min Android_v14
USR544 WITHDRAWAL 290.62 36min iOS_v17
USR800 WITHDRAWAL 272.49 86min iOS_v17
USR668 BONUS 105.78 97min Android_v14
USR623 WITHDRAWAL 261.46 90min iOS_v17
USR228 BONUS 290.9 57min Windows_11
USR105 BONUS 174.97 65min Fedora_v43
USR879 PROJECT_COMPLETE 349.77 66min Android_v14
USR238 WITHDRAWAL 236.06 19min iOS_v17
USR608 PROJECT_COMPLETE 489.55 62min Android_v14
USR849 BONUS 328.41 39min Fedora_v43
USR494 BONUS 295.77 62min Fedora_v43
USR725 BONUS 273.51 51min Android_v14
USR764 WITHDRAWAL 368.39 51min Windows_11
USR600 REFUND 379.46 88min Fedora_v43
USR489 PROJECT_COMPLETE 91.43 40min Fedora_v43
USR514 BONUS 164.73 69min Fedora_v43
USR929 PROJECT_COMPLETE 170.77 49min Android_v14
USR644 BONUS 399.25 57min Fedora_v43
USR843 PROJECT_COMPLETE 76.64 100min Android_v14
USR869 WITHDRAWAL 143.52 105min Android_v14
USR225 PROJECT_COMPLETE 288.14 58min Fedora_v43
USR700 WITHDRAWAL 323.07 29min Fedora_v43
USR462 WITHDRAWAL 334.83 77min Fedora_v43
USR200 PROJECT_COMPLETE 55.57 98min Fedora_v43
USR433 BONUS 454.87 118min Fedora_v43
USR748 PROJECT_COMPLETE 127.49 63min Windows_11
USR202 REFUND 392.34 92min Fedora_v43
USR667 WITHDRAWAL 130.19 114min Windows_11
USR925 PROJECT_COMPLETE 23.87 39min Fedora_v43
USR881 BONUS 462.49 118min iOS_v17
USR213 BONUS 362.4 78min Android_v14
USR652 WITHDRAWAL 231.34 120min iOS_v17
USR128 WITHDRAWAL 89.21 50min Android_v14
USR713 REFUND 19.6 6min Windows_11
USR358 BONUS 50.81 100min Android_v14
USR730 BONUS 35.72 17min iOS_v17
USR538 PROJECT_COMPLETE 36.86 96min Windows_11
USR513 WITHDRAWAL 365.57 71min iOS_v17
USR957 REFUND 206.29 22min Windows_11
USR934 REFUND 175.2 9min iOS_v17
USR116 WITHDRAWAL 38.77 44min Windows_11
USR217 BONUS 318.6 89min Fedora_v43
USR609 REFUND 422.53 8min iOS_v17
USR743 PROJECT_COMPLETE 99.94 38min Android_v14
USR352 WITHDRAWAL 24.55 44min iOS_v17
USR969 REFUND 146.67 112min iOS_v17
USR937 WITHDRAWAL 274.33 116min Fedora_v43
USR113 WITHDRAWAL 70.36 63min iOS_v17
USR403 BONUS 61.17 74min iOS_v17
USR227 PROJECT_COMPLETE 101.44 95min iOS_v17
USR998 WITHDRAWAL 263.08 75min Android_v14
USR148 WITHDRAWAL 420.25 89min iOS_v17
USR105 BONUS 320.25 45min Fedora_v43
USR649 WITHDRAWAL 288.42 104min iOS_v17
USR665 REFUND 36.33 49min Windows_11
USR503 BONUS 328.17 53min Windows_11
USR493 BONUS 201.68 45min Fedora_v43
USR343 REFUND 347.6 59min Fedora_v43
USR180 BONUS 146.05 11min Fedora_v43
USR400 BONUS 242.08 60min Windows_11
USR175 WITHDRAWAL 447.64 84min Windows_11
USR502 PROJECT_COMPLETE 224.97 78min Fedora_v43
USR255 BONUS 430.24 83min Android_v14
USR791 REFUND 241.61 113min Fedora_v43
USR749 WITHDRAWAL 420.75 113min iOS_v17
USR862 PROJECT_COMPLETE 20.92 57min Windows_11
USR871 WITHDRAWAL 228.2 39min Android_v14
USR740 WITHDRAWAL 119.56 85min iOS_v17
USR970 PROJECT_COMPLETE 261.16 62min Android_v14
USR469 PROJECT_COMPLETE 185.02 97min Fedora_v43
USR182 WITHDRAWAL 460.23 36min Android_v14
USR632 BONUS 274.59 71min iOS_v17
USR950 WITHDRAWAL 88.03 99min Android_v14
USR864 BONUS 294.44 34min Android_v14
USR777 WITHDRAWAL 112.47 60min Fedora_v43
USR585 REFUND 250.43 18min iOS_v17
USR371 BONUS 283.06 36min Android_v14
USR628 BONUS 359.44 49min Android_v14
USR459 WITHDRAWAL 302.08 114min Windows_11
USR151 BONUS 202.07 75min iOS_v17
USR987 REFUND 85.54 16min Android_v14
USR156 BONUS 227.35 80min Windows_11
USR891 PROJECT_COMPLETE 287.91 72min Android_v14
USR123 BONUS 328.81 69min Fedora_v43
USR286 REFUND 411.69 106min Windows_11
USR864 BONUS 387.68 38min Android_v14
USR309 BONUS 128.75 72min Fedora_v43
USR105 PROJECT_COMPLETE 213.34 11min Fedora_v43
USR901 REFUND 298.06 62min Windows_11
USR794 PROJECT_COMPLETE 122.99 22min iOS_v17
USR642 PROJECT_COMPLETE 368.4 69min Android_v14
USR134 REFUND 381.06 111min Fedora_v43
USR275 WITHDRAWAL 397.25 9min Fedora_v43
USR323 BONUS 235.11 17min Android_v14
USR129 PROJECT_COMPLETE 46.16 112min iOS_v17
USR320 REFUND 111.38 115min Windows_11
USR560 PROJECT_COMPLETE 409.04 72min Windows_11
USR212 WITHDRAWAL 171.5 51min Fedora_v43
USR365 WITHDRAWAL 38.1 85min Windows_11
USR694 REFUND 171.46 42min iOS_v17
USR749 PROJECT_COMPLETE 183.2 47min Windows_11
USR446 WITHDRAWAL 222.09 118min Windows_11
USR645 BONUS 46.29 41min Fedora_v43
USR914 WITHDRAWAL 197.64 103min iOS_v17
USR155 BONUS 351.83 113min iOS_v17
USR341 REFUND 251.88 84min Fedora_v43
USR768 BONUS 106.01 100min Android_v14
USR522 BONUS 193.36 32min Fedora_v43
USR431 WITHDRAWAL 370.97 105min Android_v14
USR815 REFUND 338.35 94min Fedora_v43
USR974 REFUND 370.81 26min Windows_11
USR225 REFUND 227.94 81min Windows_11
USR878 BONUS 42.6 113min Windows_11
USR160 REFUND 254.57 17min iOS_v17
USR333 BONUS 388.3 21min Android_v14
USR244 BONUS 134.12 70min Fedora_v43
USR430 WITHDRAWAL 269.19 84min iOS_v17
USR834 BONUS 397.31 38min Fedora_v43
USR678 REFUND 91.1 75min iOS_v17
USR711 WITHDRAWAL 314.18 51min iOS_v17
USR835 WITHDRAWAL 380.54 78min Fedora_v43
USR645 WITHDRAWAL 20.53 69min Android_v14
USR118 REFUND 325.69 106min Windows_11
USR721 WITHDRAWAL 355.86 10min Android_v14
USR729 REFUND 152.24 22min Windows_11
USR308 BONUS 402.28 103min iOS_v17
USR200 BONUS 154.07 113min Windows_11
USR865 BONUS 424.29 28min Windows_11
USR157 PROJECT_COMPLETE 99.92 59min iOS_v17
USR423 WITHDRAWAL 415.68 15min Windows_11
USR677 BONUS 197.46 57min Fedora_v43
USR440 BONUS 237.45 24min iOS_v17
USR505 BONUS 274.36 28min Windows_11
USR828 WITHDRAWAL 357.98 61min Android_v14
USR877 PROJECT_COMPLETE 94.73 66min iOS_v17
USR180 BONUS 473.84 100min Android_v14
USR141 BONUS 425.1 26min Android_v14
USR874 BONUS 372.93 37min Android_v14
USR920 BONUS 390.64 104min Fedora_v43
USR448 REFUND 474.46 58min Android_v14
USR210 WITHDRAWAL 343.31 41min Fedora_v43
USR147 WITHDRAWAL 393.71 89min Fedora_v43
USR804 WITHDRAWAL 404.08 91min Fedora_v43
USR177 PROJECT_COMPLETE 324.76 99min Fedora_v43
USR233 PROJECT_COMPLETE 286.48 46min Fedora_v43
USR577 BONUS 168.64 94min Fedora_v43
USR768 REFUND 139.2 58min Android_v14
USR742 WITHDRAWAL 49.55 74min Android_v14
USR700 REFUND 217.46 38min Windows_11
USR964 REFUND 258.29 16min Windows_11
USR323 BONUS 441.33 27min iOS_v17
USR903 WITHDRAWAL 355.68 25min Android_v14
USR341 PROJECT_COMPLETE 115.14 118min Fedora_v43
USR576 WITHDRAWAL 278.1 69min Android_v14
USR363 WITHDRAWAL 478.81 110min Windows_11
USR908 WITHDRAWAL 458.96 86min Android_v14
USR530 REFUND 387.59 115min Windows_11
USR848 BONUS 89.05 58min iOS_v17
USR394 WITHDRAWAL 30.11 7min iOS_v17
USR958 REFUND 498.98 49min iOS_v17
USR402 WITHDRAWAL 336.06 43min Android_v14
USR487 PROJECT_COMPLETE 399.52 108min Fedora_v43
USR692 BONUS 480.11 94min iOS_v17
USR247 BONUS 174.07 89min Fedora_v43
USR955 BONUS 251.91 44min Windows_11
USR761 REFUND 255.92 81min Android_v14
USR360 WITHDRAWAL 284.53 69min iOS_v17
USR700 PROJECT_COMPLETE 137.08 76min Windows_11
USR650 REFUND 475.72 90min iOS_v17
USR779 PROJECT_COMPLETE 266.12 86min Android_v14
USR218 PROJECT_COMPLETE 469.18 76min iOS_v17
USR135 PROJECT_COMPLETE 184.17 66min Fedora_v43
USR712 BONUS 19.53 101min Windows_11
USR872 BONUS 210.12 6min Windows_11
USR960 PROJECT_COMPLETE 392.94 63min Android_v14
USR279 PROJECT_COMPLETE 35.65 90min Windows_11
USR210 PROJECT_COMPLETE 287.32 17min Windows_11
USR658 BONUS 470.28 100min Fedora_v43
USR245 REFUND 146.54 6min Windows_11
USR151 WITHDRAWAL 217.2 25min Fedora_v43
USR270 WITHDRAWAL 437.0 13min Fedora_v43
USR517 PROJECT_COMPLETE 271.69 63min Fedora_v43
USR358 WITHDRAWAL 166.82 50min Fedora_v43
USR670 BONUS 321.65 66min iOS_v17
USR271 REFUND 176.14 53min iOS_v17
USR506 PROJECT_COMPLETE 489.24 87min Android_v14
USR219 REFUND 134.74 46min Fedora_v43
USR456 REFUND 126.24 70min iOS_v17
USR488 PROJECT_COMPLETE 212.72 90min iOS_v17
USR871 BONUS 61.83 114min Windows_11
USR241 REFUND 28.54 18min iOS_v17
USR609 REFUND 56.04 24min iOS_v17
USR317 WITHDRAWAL 312.84 31min Windows_11
USR583 BONUS 107.99 82min Android_v14
USR567 WITHDRAWAL 162.38 83min iOS_v17
USR771 BONUS 457.41 119min Fedora_v43
USR938 BONUS 185.06 76min iOS_v17
USR164 REFUND 165.67 75min iOS_v17
USR368 REFUND 486.02 72min Windows_11
USR150 REFUND 181.63 26min Fedora_v43
USR738 BONUS 401.6 96min Android_v14
USR709 BONUS 267.53 9min Windows_11
USR255 BONUS 295.16 34min Windows_11
USR119 PROJECT_COMPLETE 389.01 44min iOS_v17
USR140 WITHDRAWAL 442.88 20min Windows_11
USR584 PROJECT_COMPLETE 278.8 88min Fedora_v43
USR410 REFUND 470.39 6min Android_v14
USR258 BONUS 56.5 97min Windows_11
USR904 REFUND 388.1 48min Android_v14
USR145 PROJECT_COMPLETE 74.47 120min iOS_v17
USR864 REFUND 242.44 98min iOS_v17
USR740 BONUS 55.47 63min Fedora_v43
USR605 PROJECT_COMPLETE 487.29 96min iOS_v17
USR283 PROJECT_COMPLETE 359.06 82min Fedora_v43
USR789 WITHDRAWAL 148.89 101min Android_v14
USR762 WITHDRAWAL 86.87 92min Fedora_v43
USR563 REFUND 267.14 41min iOS_v17
USR209 WITHDRAWAL 80.44 80min iOS_v17
USR506 BONUS 59.29 120min Windows_11
USR280 REFUND 288.27 34min Windows_11
USR307 PROJECT_COMPLETE 360.28 13min Android_v14
USR899 BONUS 391.94 50min Fedora_v43
USR549 BONUS 147.74 105min Android_v14
USR737 WITHDRAWAL 482.98 90min Android_v14
USR128 BONUS 415.18 105min iOS_v17
USR154 WITHDRAWAL 277.95 95min iOS_v17
USR971 BONUS 425.13 48min iOS_v17
USR193 REFUND 281.72 73min iOS_v17
USR249 WITHDRAWAL 477.84 101min Android_v14
USR342 REFUND 96.19 70min Fedora_v43
USR466 REFUND 131.98 31min Fedora_v43
USR911 BONUS 482.53 85min Fedora_v43
USR504 BONUS 141.44 118min iOS_v17
USR943 PROJECT_COMPLETE 255.83 17min iOS_v17
USR237 PROJECT_COMPLETE 185.33 37min Android_v14
USR106 BONUS 357.18 5min Android_v14
USR965 BONUS 55.38 105min Android_v14
USR901 PROJECT_COMPLETE 205.6 111min Android_v14
USR791 BONUS 65.8 81min iOS_v17
USR792 WITHDRAWAL 330.64 78min Windows_11
USR459 WITHDRAWAL 257.71 50min Android_v14
USR761 PROJECT_COMPLETE 89.05 41min Fedora_v43
USR251 WITHDRAWAL 125.75 78min Fedora_v43
USR731 BONUS 350.32 73min Windows_11
USR393 BONUS 433.55 10min Android_v14
USR145 WITHDRAWAL 133.72 69min Windows_11
USR667 BONUS 128.95 63min Fedora_v43
USR534 REFUND 412.31 67min Android_v14
USR275 WITHDRAWAL 490.65 14min Windows_11
USR478 WITHDRAWAL 361.26 37min Windows_11
USR783 PROJECT_COMPLETE 142.04 59min Windows_11
USR659 REFUND 90.15 55min Windows_11
USR287 PROJECT_COMPLETE 102.73 67min Fedora_v43
USR884 REFUND 185.11 74min Windows_11
USR976 BONUS 28.7 106min Windows_11
USR389 PROJECT_COMPLETE 208.2 116min Fedora_v43
USR303 WITHDRAWAL 271.86 19min Windows_11
USR785 BONUS 460.7 67min Fedora_v43
USR412 PROJECT_COMPLETE 237.64 66min Fedora_v43
USR550 WITHDRAWAL 11.29 23min Windows_11
USR213 PROJECT_COMPLETE 116.29 8min Windows_11
USR550 REFUND 349.94 19min Windows_11
USR562 PROJECT_COMPLETE 33.22 113min Android_v14
USR639 REFUND 78.35 59min Android_v14
USR838 REFUND 251.41 34min Windows_11
USR838 REFUND 436.52 116min iOS_v17
USR284 REFUND 351.86 34min Android_v14
USR408 BONUS 291.14 113min Android_v14
USR292 PROJECT_COMPLETE 292.51 51min Android_v14
USR351 WITHDRAWAL 470.67 79min Windows_11
USR537 BONUS 331.23 45min Windows_11
USR727 WITHDRAWAL 372.35 75min Fedora_v43
USR194 WITHDRAWAL 449.01 109min Windows_11
USR531 PROJECT_COMPLETE 47.92 82min Fedora_v43
USR259 REFUND 179.56 115min iOS_v17
USR615 REFUND 373.8 12min iOS_v17
USR937 REFUND 465.04 84min iOS_v17
USR456 REFUND 279.22 54min Windows_11
USR686 WITHDRAWAL 55.75 94min Android_v14
USR497 BONUS 463.45 13min Fedora_v43
USR224 PROJECT_COMPLETE 348.44 84min Android_v14
USR553 REFUND 311.22 114min Fedora_v43
USR280 WITHDRAWAL 280.29 60min Windows_11
USR449 PROJECT_COMPLETE 263.16 9min Windows_11
USR755 WITHDRAWAL 191.92 113min Android_v14
USR490 BONUS 388.81 57min Fedora_v43
USR205 REFUND 213.51 27min iOS_v17
USR501 BONUS 24.0 48min Windows_11
USR593 PROJECT_COMPLETE 386.3 56min iOS_v17
USR946 WITHDRAWAL 60.31 37min Android_v14
USR253 REFUND 333.75 42min Android_v14
USR369 BONUS 59.61 47min iOS_v17
USR379 WITHDRAWAL 84.61 112min Android_v14
USR402 REFUND 467.42 80min Windows_11
USR178 WITHDRAWAL 346.84 54min iOS_v17
USR866 BONUS 50.27 24min Fedora_v43
USR956 WITHDRAWAL 167.09 103min Android_v14
USR749 PROJECT_COMPLETE 138.87 56min Fedora_v43
USR629 REFUND 158.57 111min Android_v14
USR215 REFUND 50.31 73min iOS_v17
USR777 WITHDRAWAL 334.96 58min iOS_v17
USR496 REFUND 460.72 76min iOS_v17
USR538 REFUND 212.52 106min Windows_11
USR816 BONUS 287.14 41min iOS_v17
USR905 PROJECT_COMPLETE 267.41 75min Windows_11
USR412 PROJECT_COMPLETE 337.5 73min Fedora_v43
USR377 WITHDRAWAL 204.76 9min Fedora_v43
USR239 PROJECT_COMPLETE 290.14 29min iOS_v17
USR585 PROJECT_COMPLETE 462.88 99min Fedora_v43
USR276 PROJECT_COMPLETE 227.12 69min iOS_v17
USR581 BONUS 314.77 106min Android_v14
USR674 WITHDRAWAL 83.75 98min iOS_v17
USR351 BONUS 440.26 47min Windows_11
USR863 PROJECT_COMPLETE 22.53 102min Android_v14
USR537 BONUS 205.02 93min Windows_11
USR682 PROJECT_COMPLETE 401.47 18min Fedora_v43
USR469 WITHDRAWAL 110.17 96min Fedora_v43
USR852 PROJECT_COMPLETE 350.22 84min iOS_v17
USR538 BONUS 451.15 107min Windows_11
USR465 BONUS 139.51 28min Fedora_v43
USR296 PROJECT_COMPLETE 237.85 20min Windows_11
USR656 BONUS 287.66 20min Fedora_v43
USR362 REFUND 159.49 85min iOS_v17
USR543 BONUS 466.59 34min Fedora_v43
USR519 WITHDRAWAL 475.72 63min iOS_v17
USR655 WITHDRAWAL 421.2 100min Windows_11
USR242 BONUS 82.09 65min Fedora_v43
USR873 WITHDRAWAL 99.16 59min Fedora_v43
USR621 WITHDRAWAL 281.36 75min Windows_11
USR106 REFUND 377.48 57min Fedora_v43
USR340 REFUND 54.36 46min Windows_11
USR285 WITHDRAWAL 317.79 97min Windows_11
USR725 BONUS 47.14 72min Fedora_v43
USR520 WITHDRAWAL 459.18 87min iOS_v17
USR750 PROJECT_COMPLETE 251.53 8min iOS_v17
USR743 WITHDRAWAL 475.97 53min iOS_v17
USR148 WITHDRAWAL 207.9 99min iOS_v17
USR241 PROJECT_COMPLETE 451.23 28min Windows_11
USR117 REFUND 196.67 23min Android_v14
USR137 REFUND 311.01 82min Windows_11
USR966 REFUND 423.02 64min iOS_v17
USR570 REFUND 89.85 90min Fedora_v43
USR123 PROJECT_COMPLETE 172.7 5min Android_v14
USR529 BONUS 149.07 110min iOS_v17
USR975 WITHDRAWAL 170.47 30min iOS_v17
USR848 PROJECT_COMPLETE 112.09 92min iOS_v17
USR492 BONUS 122.16 42min Windows_11
USR649 BONUS 168.06 32min Windows_11
USR994 WITHDRAWAL 337.54 57min Fedora_v43
USR499 PROJECT_COMPLETE 421.73 23min Android_v14
USR199 PROJECT_COMPLETE 246.18 70min Fedora_v43
USR174 REFUND 84.02 22min Fedora_v43
USR460 BONUS 194.24 10min Windows_11
USR483 WITHDRAWAL 140.61 19min Android_v14
USR434 BONUS 228.84 5min Fedora_v43
USR518 PROJECT_COMPLETE 150.61 33min Fedora_v43
USR904 WITHDRAWAL 419.15 119min iOS_v17
USR865 PROJECT_COMPLETE 375.06 102min Fedora_v43
USR700 REFUND 327.11 116min iOS_v17
USR635 BONUS 263.54 79min Windows_11
USR559 PROJECT_COMPLETE 311.19 39min Fedora_v43
USR294 REFUND 14.54 102min Windows_11
USR592 WITHDRAWAL 113.55 17min Fedora_v43
USR212 WITHDRAWAL 292.46 77min iOS_v17
USR536 PROJECT_COMPLETE 349.72 80min iOS_v17
USR460 REFUND 110.92 67min Windows_11
USR300 BONUS 462.31 83min Android_v14
USR640 REFUND 313.75 53min Windows_11
USR540 WITHDRAWAL 158.79 111min Fedora_v43
USR106 REFUND 499.17 87min Android_v14
USR236 REFUND 207.6 20min Fedora_v43
USR374 REFUND 411.71 65min Windows_11
USR643 PROJECT_COMPLETE 307.2 17min Windows_11
USR902 REFUND 451.6 77min Fedora_v43
USR116 PROJECT_COMPLETE 378.8 85min Windows_11
USR118 REFUND 76.34 25min Windows_11
USR616 REFUND 391.69 50min Fedora_v43
USR424 WITHDRAWAL 69.51 70min Fedora_v43
USR552 PROJECT_COMPLETE 469.1 89min Android_v14
USR431 BONUS 404.47 110min Windows_11
USR195 REFUND 341.27 42min Android_v14
USR272 REFUND 165.04 14min Android_v14
USR992 BONUS 412.37 11min Android_v14
USR875 REFUND 15.29 108min Android_v14
USR215 WITHDRAWAL 174.53 99min iOS_v17
USR367 REFUND 405.72 5min Fedora_v43
USR198 WITHDRAWAL 264.41 19min iOS_v17
USR722 REFUND 460.01 69min Android_v14
USR807 REFUND 312.58 117min Windows_11
USR182 PROJECT_COMPLETE 154.78 98min iOS_v17
USR963 BONUS 250.94 65min Windows_11
USR287 WITHDRAWAL 344.89 25min Android_v14
USR963 BONUS 51.32 81min Windows_11
USR625 BONUS 327.9 108min iOS_v17
USR804 BONUS 478.97 66min Fedora_v43
USR852 BONUS 52.11 113min iOS_v17
USR754 WITHDRAWAL 341.79 44min Android_v14
USR685 BONUS 194.29 110min Windows_11
USR483 PROJECT_COMPLETE 436.2 102min Windows_11
USR695 REFUND 485.18 29min Android_v14
USR301 PROJECT_COMPLETE 146.16 53min Android_v14
USR138 BONUS 288.92 53min iOS_v17
USR871 PROJECT_COMPLETE 340.89 16min Android_v14
USR171 WITHDRAWAL 358.55 65min Windows_11
USR322 WITHDRAWAL 359.38 62min Fedora_v43
USR846 PROJECT_COMPLETE 323.7 113min Android_v14
USR715 BONUS 286.56 56min Android_v14
USR402 BONUS 56.1 115min iOS_v17
USR190 REFUND 84.38 90min Fedora_v43
USR146 REFUND 68.31 102min Android_v14
USR589 WITHDRAWAL 239.22 95min Windows_11
USR726 BONUS 13.57 32min iOS_v17
USR622 WITHDRAWAL 466.25 10min iOS_v17
USR995 WITHDRAWAL 42.98 95min Windows_11
USR762 BONUS 358.59 13min Fedora_v43
USR132 REFUND 171.94 115min Android_v14
USR839 REFUND 478.66 96min Android_v14
USR918 PROJECT_COMPLETE 285.61 83min iOS_v17
USR717 BONUS 491.62 92min Fedora_v43
USR185 PROJECT_COMPLETE 400.94 64min Android_v14
USR615 PROJECT_COMPLETE 378.48 66min Windows_11
USR489 BONUS 214.75 56min Fedora_v43
USR145 BONUS 113.62 23min iOS_v17
USR419 BONUS 217.39 74min Windows_11
USR738 REFUND 175.2 101min Fedora_v43
USR282 BONUS 332.99 111min Windows_11
USR666 WITHDRAWAL 407.83 38min iOS_v17
USR526 WITHDRAWAL 168.9 9min iOS_v17
USR284 BONUS 226.56 111min iOS_v17
USR379 BONUS 222.26 41min Fedora_v43
USR372 PROJECT_COMPLETE 244.93 13min Android_v14
USR576 PROJECT_COMPLETE 283.07 51min Fedora_v43
USR987 BONUS 418.56 114min Windows_11
USR112 REFUND 122.08 32min iOS_v17
USR974 REFUND 214.2 35min Windows_11
USR136 BONUS 62.19 13min Fedora_v43
USR749 WITHDRAWAL 176.56 67min Windows_11
USR824 PROJECT_COMPLETE 13.5 68min Android_v14
USR236 BONUS 107.32 72min Windows_11
USR451 PROJECT_COMPLETE 471.13 106min Windows_11
USR607 REFUND 443.32 47min Fedora_v43
USR993 WITHDRAWAL 137.65 58min iOS_v17
USR528 BONUS 22.52 16min Android_v14
USR778 BONUS 145.86 98min Android_v14
USR699 BONUS 330.7 30min iOS_v17
USR432 WITHDRAWAL 473.06 57min Fedora_v43
USR568 BONUS 142.04 39min Fedora_v43
USR258 PROJECT_COMPLETE 301.43 36min Windows_11
USR409 PROJECT_COMPLETE 326.43 15min Windows_11
USR313 BONUS 222.89 107min Windows_11
USR488 REFUND 489.75 33min iOS_v17
USR547 PROJECT_COMPLETE 24.38 45min iOS_v17
USR204 BONUS 387.26 70min iOS_v17
USR108 PROJECT_COMPLETE 108.37 43min Fedora_v43
USR229 BONUS 380.93 35min Android_v14
USR512 WITHDRAWAL 276.34 75min Windows_11
USR969 REFUND 140.68 77min Fedora_v43
USR331 BONUS 12.63 38min Android_v14
USR575 WITHDRAWAL 412.91 18min Windows_11
USR181 WITHDRAWAL 196.86 10min Windows_11
USR375 REFUND 87.9 19min Windows_11
USR193 BONUS 117.0 116min Android_v14
USR972 REFUND 285.78 99min Windows_11
USR532 BONUS 192.24 54min Android_v14
USR665 REFUND 257.43 16min Android_v14
USR470 PROJECT_COMPLETE 296.97 27min Fedora_v43
USR270 PROJECT_COMPLETE 270.45 17min Fedora_v43
USR303 BONUS 16.82 87min Android_v14
USR650 PROJECT_COMPLETE 199.2 98min Android_v14
USR885 REFUND 159.48 12min Android_v14
USR839 PROJECT_COMPLETE 74.4 28min Android_v14
USR466 WITHDRAWAL 473.8 74min iOS_v17
USR371 WITHDRAWAL 473.56 56min iOS_v17
USR796 REFUND 118.62 28min iOS_v17
USR989 PROJECT_COMPLETE 267.6 109min iOS_v17
USR231 WITHDRAWAL 146.71 79min Android_v14
USR137 WITHDRAWAL 131.28 48min Fedora_v43
USR104 WITHDRAWAL 278.87 6min iOS_v17
USR807 REFUND 321.63 19min Android_v14
USR878 WITHDRAWAL 223.28 53min Windows_11
USR452 REFUND 472.32 30min iOS_v17
USR419 PROJECT_COMPLETE 425.71 55min iOS_v17
USR804 REFUND 30.42 15min Android_v14
USR582 REFUND 129.56 25min Fedora_v43
USR497 PROJECT_COMPLETE 249.49 23min iOS_v17
USR397 PROJECT_COMPLETE 381.2 112min Fedora_v43
USR829 REFUND 86.21 63min Android_v14
USR508 REFUND 173.6 60min iOS_v17
USR868 BONUS 472.33 26min Fedora_v43
USR978 WITHDRAWAL 327.94 7min Android_v14
USR544 WITHDRAWAL 362.79 86min iOS_v17
USR456 WITHDRAWAL 482.57 7min Android_v14
USR179 BONUS 211.25 29min Android_v14
USR898 REFUND 355.7 16min Fedora_v43
USR672 BONUS 30.91 62min Android_v14
USR504 BONUS 102.71 29min Windows_11
USR275 REFUND 259.12 63min Windows_11
USR930 PROJECT_COMPLETE 144.37 39min Android_v14
USR103 WITHDRAWAL 258.31 92min iOS_v17
USR355 BONUS 206.72 18min iOS_v17
USR187 REFUND 94.5 66min Android_v14
USR505 REFUND 486.12 33min Windows_11
USR569 REFUND 298.46 75min Fedora_v43
USR492 REFUND 446.38 100min Android_v14
USR324 REFUND 421.78 17min Android_v14
USR710 PROJECT_COMPLETE 403.24 42min Fedora_v43
USR755 WITHDRAWAL 12.24 78min Android_v14
USR295 BONUS 176.68 31min Windows_11
USR369 REFUND 96.44 29min iOS_v17
USR592 BONUS 381.73 13min iOS_v17
USR156 REFUND 203.82 102min Fedora_v43
USR726 PROJECT_COMPLETE 223.84 44min iOS_v17
USR157 PROJECT_COMPLETE 205.63 63min iOS_v17
USR536 REFUND 54.85 96min Fedora_v43
USR567 REFUND 386.78 57min iOS_v17
USR365 REFUND 277.71 94min Android_v14
USR510 REFUND 183.01 73min Fedora_v43
USR348 REFUND 43.81 43min Android_v14
USR280 PROJECT_COMPLETE 178.43 12min iOS_v17
USR174 BONUS 465.9 91min Android_v14
USR983 REFUND 388.03 119min Android_v14
USR211 WITHDRAWAL 263.59 98min Windows_11
USR884 BONUS 449.95 26min Fedora_v43
USR509 WITHDRAWAL 436.55 51min Android_v14
USR655 BONUS 115.27 93min Windows_11
USR401 WITHDRAWAL 497.54 24min Windows_11
USR339 PROJECT_COMPLETE 440.63 102min Android_v14
USR468 BONUS 497.43 69min Fedora_v43
USR146 WITHDRAWAL 387.13 108min Fedora_v43
USR978 WITHDRAWAL 491.97 59min Windows_11
USR275 WITHDRAWAL 481.8 120min Windows_11
USR478 REFUND 229.87 60min Fedora_v43
USR565 BONUS 29.26 66min Android_v14
USR566 BONUS 66.02 99min iOS_v17
USR724 BONUS 148.18 52min iOS_v17
USR763 PROJECT_COMPLETE 167.07 103min Fedora_v43
USR973 WITHDRAWAL 321.21 101min Fedora_v43
USR550 WITHDRAWAL 64.83 89min iOS_v17
USR457 WITHDRAWAL 77.39 64min Fedora_v43
USR443 WITHDRAWAL 243.74 59min iOS_v17
USR732 PROJECT_COMPLETE 71.56 112min Windows_11
USR799 PROJECT_COMPLETE 487.14 78min iOS_v17
USR473 BONUS 98.16 5min Windows_11
USR748 REFUND 88.8 63min Fedora_v43
USR977 BONUS 165.8 76min Fedora_v43
USR429 PROJECT_COMPLETE 389.05 103min iOS_v17
USR418 PROJECT_COMPLETE 14.04 45min Windows_11
USR251 BONUS 198.62 105min iOS_v17
USR278 PROJECT_COMPLETE 424.62 89min Android_v14
USR807 BONUS 186.49 56min Windows_11
USR978 WITHDRAWAL 465.77 68min iOS_v17
USR505 WITHDRAWAL 129.98 104min Android_v14
USR730 PROJECT_COMPLETE 471.82 54min iOS_v17
USR228 REFUND 234.93 7min Android_v14
USR205 PROJECT_COMPLETE 396.76 6min iOS_v17
USR957 PROJECT_COMPLETE 16.1 48min Windows_11
USR539 REFUND 160.34 105min Windows_11
USR137 REFUND 160.02 53min iOS_v17
USR880 WITHDRAWAL 428.2 63min Windows_11
USR661 WITHDRAWAL 314.35 46min iOS_v17
USR963 PROJECT_COMPLETE 453.58 113min Fedora_v43
USR115 PROJECT_COMPLETE 331.2 56min Android_v14
USR940 REFUND 27.72 97min Android_v14
USR208 BONUS 259.62 20min iOS_v17
USR775 BONUS 54.99 20min Windows_11
USR442 PROJECT_COMPLETE 355.92 40min iOS_v17
USR377 PROJECT_COMPLETE 464.04 104min iOS_v17
USR646 WITHDRAWAL 441.27 35min Fedora_v43
USR752 BONUS 176.68 43min iOS_v17
USR182 REFUND 312.12 120min Android_v14
USR731 BONUS 346.52 87min Windows_11
USR129 BONUS 90.0 61min iOS_v17
USR445 REFUND 289.98 58min iOS_v17
USR338 WITHDRAWAL 252.16 11min iOS_v17
USR348 WITHDRAWAL 233.73 6min Fedora_v43
USR637 REFUND 275.62 21min Android_v14
USR382 REFUND 481.93 78min Android_v14
USR902 PROJECT_COMPLETE 125.65 46min Android_v14
USR527 REFUND 124.98 10min Windows_11
USR442 WITHDRAWAL 74.93 110min iOS_v17
USR380 WITHDRAWAL 148.83 78min Windows_11
USR475 WITHDRAWAL 365.86 22min iOS_v17
USR621 BONUS 45.52 59min Windows_11
USR675 BONUS 489.21 76min iOS_v17
USR626 REFUND 279.2 67min Windows_11
USR853 REFUND 186.36 9min Windows_11
USR573 PROJECT_COMPLETE 153.43 12min Windows_11
USR810 WITHDRAWAL 147.47 49min Windows_11
USR419 REFUND 289.95 20min Windows_11
USR693 REFUND 474.15 30min Windows_11
USR579 WITHDRAWAL 217.57 46min iOS_v17
USR475 REFUND 307.2 88min Fedora_v43
USR768 PROJECT_COMPLETE 471.7 14min Windows_11
USR567 REFUND 256.25 55min iOS_v17
USR709 REFUND 423.6 102min Android_v14
USR958 REFUND 289.02 101min Windows_11
USR328 BONUS 54.78 85min Android_v14
USR471 PROJECT_COMPLETE 142.11 90min Windows_11
USR129 BONUS 140.27 44min iOS_v17
USR166 REFUND 175.97 54min iOS_v17
USR170 BONUS 186.56 58min Android_v14
USR288 PROJECT_COMPLETE 460.43 22min iOS_v17
USR378 REFUND 401.94 77min Windows_11
USR117 REFUND 92.65 81min Android_v14
USR776 BONUS 343.85 19min Android_v14
USR363 REFUND 78.59 65min Android_v14
USR710 PROJECT_COMPLETE 260.62 18min iOS_v17
USR434 PROJECT_COMPLETE 409.68 46min Fedora_v43
USR896 PROJECT_COMPLETE 273.5 47min iOS_v17
USR861 REFUND 142.97 99min Fedora_v43
USR745 PROJECT_COMPLETE 220.16 83min Android_v14
USR253 REFUND 81.01 33min Fedora_v43
USR722 WITHDRAWAL 259.67 74min iOS_v17
USR744 WITHDRAWAL 237.26 120min Fedora_v43
USR256 WITHDRAWAL 298.33 112min iOS_v17
USR203 WITHDRAWAL 391.34 42min iOS_v17
USR612 PROJECT_COMPLETE 175.33 107min Windows_11
USR735 WITHDRAWAL 297.7 66min Android_v14
USR904 BONUS 360.28 111min iOS_v17
USR909 PROJECT_COMPLETE 488.23 31min Windows_11
USR504 BONUS 365.73 11min Windows_11
USR677 REFUND 327.97 8min iOS_v17
USR710 BONUS 89.06 78min Fedora_v43
USR262 PROJECT_COMPLETE 361.89 21min Fedora_v43
USR303 REFUND 447.17 22min Fedora_v43
USR831 WITHDRAWAL 92.24 77min Fedora_v43
USR108 REFUND 262.96 45min Windows_11
USR892 PROJECT_COMPLETE 481.25 58min Windows_11
USR832 REFUND 419.72 51min iOS_v17
USR390 REFUND 53.84 35min Fedora_v43
USR485 WITHDRAWAL 402.49 34min iOS_v17
USR724 PROJECT_COMPLETE 114.13 33min Windows_11
USR266 BONUS 180.76 68min Windows_11
USR856 PROJECT_COMPLETE 344.53 75min iOS_v17
USR451 REFUND 308.82 95min Android_v14
USR430 BONUS 317.71 89min Fedora_v43
USR153 BONUS 113.49 106min Windows_11
USR278 REFUND 82.01 90min Windows_11
USR422 WITHDRAWAL 292.31 99min iOS_v17
USR214 PROJECT_COMPLETE 249.04 33min Windows_11
USR802 WITHDRAWAL 473.53 98min Fedora_v43
USR169 PROJECT_COMPLETE 495.22 101min Windows_11
USR369 PROJECT_COMPLETE 493.24 81min iOS_v17
USR290 BONUS 239.88 88min Windows_11
USR713 PROJECT_COMPLETE 197.36 70min Windows_11
USR571 BONUS 196.97 76min Android_v14
USR177 BONUS 458.51 51min Fedora_v43
USR747 WITHDRAWAL 447.57 15min iOS_v17
USR250 BONUS 112.99 87min Windows_11
USR461 PROJECT_COMPLETE 326.42 55min Android_v14
USR156 WITHDRAWAL 321.91 65min Android_v14
USR483 WITHDRAWAL 112.31 56min Fedora_v43
USR530 REFUND 148.72 12min iOS_v17
USR461 REFUND 96.32 48min iOS_v17
USR999 PROJECT_COMPLETE 47.15 73min Fedora_v43
USR573 REFUND 101.49 13min Android_v14
USR946 REFUND 455.63 43min iOS_v17
USR481 REFUND 281.28 50min Fedora_v43
USR436 BONUS 35.2 33min Android_v14
USR640 BONUS 227.49 19min iOS_v17
USR949 REFUND 127.15 21min Fedora_v43
USR604 WITHDRAWAL 295.58 96min Fedora_v43
USR335 PROJECT_COMPLETE 146.16 23min Windows_11
USR312 PROJECT_COMPLETE 446.66 68min Android_v14
USR849 WITHDRAWAL 193.28 106min Android_v14
USR756 PROJECT_COMPLETE 168.11 64min Windows_11
USR848 WITHDRAWAL 261.21 60min Windows_11
USR296 REFUND 434.55 95min iOS_v17
USR742 REFUND 284.66 109min Android_v14
USR434 REFUND 46.97 101min iOS_v17
USR543 REFUND 193.9 108min Fedora_v43
USR214 PROJECT_COMPLETE 447.98 30min Fedora_v43
USR651 BONUS 64.63 108min Android_v14
USR220 PROJECT_COMPLETE 209.62 102min iOS_v17
USR189 PROJECT_COMPLETE 57.02 54min iOS_v17
USR604 PROJECT_COMPLETE 493.64 114min Fedora_v43
USR748 REFUND 372.8 49min Windows_11
USR126 REFUND 294.26 23min Android_v14
USR701 REFUND 395.35 120min Android_v14
USR773 PROJECT_COMPLETE 273.57 111min Fedora_v43
USR511 PROJECT_COMPLETE 221.13 117min iOS_v17
USR481 PROJECT_COMPLETE 388.37 105min Fedora_v43
USR831 WITHDRAWAL 134.93 39min Android_v14
USR322 REFUND 326.08 49min Windows_11
USR848 PROJECT_COMPLETE 401.87 101min Android_v14
USR355 WITHDRAWAL 201.62 64min iOS_v17
USR126 REFUND 159.65 13min Android_v14
USR777 PROJECT_COMPLETE 386.46 45min iOS_v17
USR644 REFUND 483.59 66min iOS_v17
USR223 REFUND 63.26 67min Fedora_v43
USR494 REFUND 106.78 68min iOS_v17
USR755 REFUND 344.84 105min Android_v14
USR788 BONUS 160.37 117min Windows_11
USR948 WITHDRAWAL 163.64 73min iOS_v17
USR769 BONUS 10.62 25min Fedora_v43
USR299 WITHDRAWAL 322.42 29min Android_v14
USR786 WITHDRAWAL 180.38 34min iOS_v17
USR124 REFUND 249.83 113min Fedora_v43
USR330 WITHDRAWAL 246.94 93min Fedora_v43
USR271 BONUS 282.85 116min iOS_v17
USR856 BONUS 84.23 58min Fedora_v43
USR845 WITHDRAWAL 13.1 115min iOS_v17
USR835 PROJECT_COMPLETE 358.94 94min Fedora_v43
USR534 WITHDRAWAL 496.85 112min Android_v14
USR262 REFUND 90.0 106min iOS_v17
USR287 BONUS 194.6 102min iOS_v17
USR596 BONUS 205.26 86min Fedora_v43
USR913 BONUS 314.8 25min Windows_11
USR525 PROJECT_COMPLETE 32.26 23min Windows_11
USR271 PROJECT_COMPLETE 351.24 15min Fedora_v43
USR859 BONUS 394.1 95min Fedora_v43
USR372 REFUND 149.85 92min iOS_v17
USR317 WITHDRAWAL 265.16 49min iOS_v17
USR818 PROJECT_COMPLETE 358.03 16min iOS_v17
USR925 REFUND 439.21 84min Android_v14
USR746 WITHDRAWAL 270.79 105min Android_v14
USR630 BONUS 108.45 6min iOS_v17
USR305 PROJECT_COMPLETE 303.65 47min Windows_11
USR972 REFUND 168.1 91min Fedora_v43
USR222 WITHDRAWAL 57.83 113min Fedora_v43
USR546 PROJECT_COMPLETE 196.13 111min iOS_v17
USR414 REFUND 146.5 84min iOS_v17
USR645 BONUS 260.23 74min Android_v14
USR207 PROJECT_COMPLETE 10.26 60min Windows_11
USR395 BONUS 325.53 79min iOS_v17
USR223 BONUS 112.54 117min Fedora_v43
USR382 PROJECT_COMPLETE 289.16 65min Fedora_v43
USR982 WITHDRAWAL 479.35 10min iOS_v17
USR321 PROJECT_COMPLETE 479.54 95min Windows_11
USR460 REFUND 490.1 117min iOS_v17
USR425 WITHDRAWAL 332.47 45min Android_v14
USR876 BONUS 32.87 18min Windows_11
USR526 PROJECT_COMPLETE 113.91 59min Fedora_v43
USR887 WITHDRAWAL 177.45 10min Android_v14
USR352 BONUS 421.21 80min Android_v14
USR548 PROJECT_COMPLETE 239.88 104min iOS_v17
USR244 BONUS 490.62 76min Android_v14
USR263 BONUS 236.74 100min Android_v14
USR700 PROJECT_COMPLETE 335.02 110min Android_v14
USR319 REFUND 463.34 97min Fedora_v43
USR869 BONUS 134.34 49min iOS_v17
USR653 BONUS 58.31 89min iOS_v17
USR696 REFUND 487.88 118min iOS_v17
USR622 WITHDRAWAL 80.21 100min iOS_v17
USR873 PROJECT_COMPLETE 443.78 109min Windows_11
USR311 WITHDRAWAL 357.82 77min Fedora_v43
USR593 BONUS 235.79 39min Fedora_v43
USR797 PROJECT_COMPLETE 416.02 33min Fedora_v43
USR891 PROJECT_COMPLETE 71.84 93min Android_v14
USR731 WITHDRAWAL 395.28 17min Windows_11
USR774 PROJECT_COMPLETE 321.19 63min Android_v14
USR467 WITHDRAWAL 480.01 45min Fedora_v43
USR868 BONUS 37.08 67min iOS_v17
USR117 BONUS 285.88 24min Windows_11
USR972 REFUND 209.7 86min Windows_11
USR448 BONUS 32.28 19min Windows_11
USR161 WITHDRAWAL 375.84 33min Windows_11
USR248 WITHDRAWAL 20.55 78min Fedora_v43
USR830 BONUS 371.47 70min Android_v14
USR551 WITHDRAWAL 213.91 103min Android_v14
USR140 WITHDRAWAL 276.14 13min Fedora_v43
USR374 BONUS 80.85 38min Fedora_v43
USR427 WITHDRAWAL 336.17 110min Fedora_v43
USR988 PROJECT_COMPLETE 17.78 70min Windows_11
USR834 BONUS 396.05 84min Fedora_v43
USR219 WITHDRAWAL 218.27 46min Android_v14
USR381 REFUND 481.97 74min iOS_v17
USR447 BONUS 53.07 38min Windows_11
USR957 BONUS 75.43 22min Android_v14
USR505 WITHDRAWAL 242.5 42min Fedora_v43
USR658 BONUS 367.2 37min iOS_v17
USR218 BONUS 413.98 29min Fedora_v43
USR997 REFUND 287.33 108min iOS_v17
USR140 WITHDRAWAL 308.08 18min Fedora_v43
USR439 PROJECT_COMPLETE 43.0 99min Windows_11
USR216 PROJECT_COMPLETE 32.13 6min Fedora_v43
USR556 BONUS 92.46 118min iOS_v17
USR700 WITHDRAWAL 391.49 6min Android_v14
USR639 BONUS 208.89 23min Fedora_v43
USR665 BONUS 394.9 115min Windows_11
USR964 WITHDRAWAL 318.32 70min Android_v14
USR909 REFUND 240.92 11min Windows_11
USR627 BONUS 375.41 21min Android_v14
USR622 PROJECT_COMPLETE 326.03 6min Windows_11
USR817 PROJECT_COMPLETE 185.04 31min iOS_v17
USR133 BONUS 403.87 30min iOS_v17
USR321 REFUND 446.64 92min Android_v14
USR603 BONUS 125.8 40min Fedora_v43
USR612 WITHDRAWAL 178.91 35min Android_v14
USR343 BONUS 154.52 109min iOS_v17
USR265 BONUS 458.8 118min Fedora_v43
USR884 REFUND 482.89 113min Android_v14
USR638 WITHDRAWAL 409.05 110min Android_v14
USR686 PROJECT_COMPLETE 155.66 75min iOS_v17
USR300 BONUS 336.01 24min Windows_11
USR953 WITHDRAWAL 35.81 111min Windows_11
USR343 PROJECT_COMPLETE 118.41 86min Fedora_v43
USR124 PROJECT_COMPLETE 388.66 108min Windows_11
USR252 WITHDRAWAL 301.58 15min Windows_11
USR789 REFUND 390.43 58min Fedora_v43
USR654 WITHDRAWAL 271.1 118min Android_v14
USR789 WITHDRAWAL 426.06 74min Fedora_v43
USR886 REFUND 368.79 19min Fedora_v43
USR743 WITHDRAWAL 229.66 118min iOS_v17
USR776 REFUND 345.56 33min Fedora_v43
USR468 PROJECT_COMPLETE 174.48 40min iOS_v17
USR715 REFUND 47.13 65min iOS_v17
USR227 BONUS 280.18 35min Windows_11
USR755 PROJECT_COMPLETE 81.96 109min Android_v14
USR943 REFUND 490.51 45min Android_v14
USR808 WITHDRAWAL 98.39 97min Android_v14
USR544 REFUND 115.05 117min Windows_11
USR148 BONUS 300.17 99min Fedora_v43
USR956 WITHDRAWAL 254.28 120min Fedora_v43
USR580 WITHDRAWAL 208.39 107min iOS_v17
USR603 PROJECT_COMPLETE 291.8 89min Fedora_v43
USR173 REFUND 131.7 80min Android_v14
USR220 WITHDRAWAL 239.27 80min Windows_11
USR539 PROJECT_COMPLETE 329.97 27min Windows_11
USR571 PROJECT_COMPLETE 78.26 64min Fedora_v43
USR440 PROJECT_COMPLETE 462.14 36min Android_v14
USR327 PROJECT_COMPLETE 160.52 36min Windows_11
USR605 WITHDRAWAL 438.74 113min Windows_11
USR292 BONUS 458.02 100min Android_v14
USR471 WITHDRAWAL 266.3 67min iOS_v17
USR172 REFUND 393.62 6min Fedora_v43
USR171 PROJECT_COMPLETE 284.59 104min Android_v14
USR746 BONUS 66.95 80min Android_v14
USR157 PROJECT_COMPLETE 82.38 47min Windows_11
USR173 PROJECT_COMPLETE 476.14 90min iOS_v17
USR870 PROJECT_COMPLETE 205.17 46min Windows_11
USR581 BONUS 91.49 76min Windows_11
USR621 WITHDRAWAL 326.11 47min Fedora_v43
USR672 BONUS 103.78 49min Fedora_v43
USR530 BONUS 151.73 18min Fedora_v43
USR305 PROJECT_COMPLETE 200.87 79min Windows_11
USR858 BONUS 404.09 50min Android_v14
USR423 WITHDRAWAL 298.99 113min iOS_v17
USR274 REFUND 479.49 107min iOS_v17
USR264 WITHDRAWAL 90.14 95min iOS_v17
USR185 REFUND 48.97 42min Fedora_v43
USR454 REFUND 313.94 28min Windows_11
USR659 BONUS 152.1 110min iOS_v17
USR948 REFUND 153.53 31min iOS_v17
USR408 REFUND 337.33 27min iOS_v17
USR657 REFUND 353.01 80min Android_v14
USR967 REFUND 191.18 90min Windows_11
USR804 BONUS 382.76 27min Fedora_v43
USR391 BONUS 337.19 71min Android_v14
USR972 BONUS 494.69 53min iOS_v17
USR622 REFUND 99.03 12min iOS_v17
USR362 WITHDRAWAL 21.02 74min Android_v14
USR210 REFUND 400.37 100min Windows_11
USR361 PROJECT_COMPLETE 294.17 50min iOS_v17
USR731 PROJECT_COMPLETE 70.04 88min iOS_v17
USR366 REFUND 348.49 64min iOS_v17
USR715 WITHDRAWAL 124.6 52min Android_v14
USR719 PROJECT_COMPLETE 54.92 35min Fedora_v43
USR816 PROJECT_COMPLETE 346.74 30min Windows_11
USR940 PROJECT_COMPLETE 136.42 51min Fedora_v43
USR302 REFUND 67.6 27min iOS_v17
USR663 BONUS 397.31 85min Android_v14
USR822 WITHDRAWAL 477.12 27min iOS_v17
USR365 REFUND 147.05 69min Fedora_v43
USR919 PROJECT_COMPLETE 415.05 82min Windows_11
USR474 BONUS 464.18 99min iOS_v17
USR952 PROJECT_COMPLETE 366.08 77min Windows_11
USR265 WITHDRAWAL 286.21 59min iOS_v17
USR155 BONUS 74.24 92min Windows_11
USR997 PROJECT_COMPLETE 176.5 30min iOS_v17
USR168 PROJECT_COMPLETE 55.59 66min iOS_v17
USR883 PROJECT_COMPLETE 134.66 62min Fedora_v43
USR681 BONUS 289.9 92min Fedora_v43
USR738 REFUND 86.7 31min Windows_11
USR587 BONUS 133.81 92min Android_v14
USR972 REFUND 481.85 83min Fedora_v43
USR498 WITHDRAWAL 91.35 83min Android_v14
USR981 WITHDRAWAL 489.09 85min Fedora_v43
USR737 REFUND 94.81 25min Windows_11
USR372 WITHDRAWAL 415.47 63min Android_v14
USR751 WITHDRAWAL 182.46 15min Fedora_v43
USR979 REFUND 254.58 109min Windows_11
USR468 WITHDRAWAL 230.3 79min iOS_v17
USR620 PROJECT_COMPLETE 467.93 51min Fedora_v43
USR208 REFUND 41.01 108min iOS_v17
USR568 PROJECT_COMPLETE 376.45 75min Fedora_v43
USR996 BONUS 328.75 45min Android_v14
USR301 BONUS 176.05 77min Fedora_v43
USR727 WITHDRAWAL 438.54 117min Windows_11
USR198 WITHDRAWAL 129.49 50min Android_v14
USR515 PROJECT_COMPLETE 94.91 107min Fedora_v43
USR831 REFUND 157.1 24min Fedora_v43
USR393 REFUND 10.08 90min iOS_v17
USR638 WITHDRAWAL 427.95 94min Fedora_v43
USR765 PROJECT_COMPLETE 459.55 36min Fedora_v43
USR366 PROJECT_COMPLETE 431.22 116min Windows_11
USR304 WITHDRAWAL 322.21 110min Fedora_v43
USR502 PROJECT_COMPLETE 59.0 51min Windows_11
USR611 WITHDRAWAL 185.05 100min Fedora_v43
USR698 WITHDRAWAL 140.82 80min iOS_v17
USR190 PROJECT_COMPLETE 56.3 96min Android_v14
USR376 REFUND 257.59 25min iOS_v17
USR440 PROJECT_COMPLETE 246.23 90min Fedora_v43
USR895 BONUS 401.45 67min Windows_11
USR775 PROJECT_COMPLETE 415.98 81min Android_v14
USR935 BONUS 185.98 26min Fedora_v43
USR788 REFUND 253.74 17min Android_v14
USR235 PROJECT_COMPLETE 75.42 96min Windows_11
USR582 BONUS 36.29 54min Fedora_v43
USR973 WITHDRAWAL 362.17 39min Fedora_v43
USR494 REFUND 420.94 57min Fedora_v43
USR413 WITHDRAWAL 230.32 119min Fedora_v43
USR625 REFUND 253.94 52min iOS_v17
USR268 PROJECT_COMPLETE 132.07 22min iOS_v17
USR255 BONUS 490.05 87min iOS_v17
USR675 REFUND 98.22 54min Android_v14
USR132 REFUND 361.53 30min Fedora_v43
USR138 REFUND 33.46 94min iOS_v17
USR751 REFUND 410.13 58min iOS_v17
USR985 REFUND 413.88 98min iOS_v17
USR908 REFUND 450.08 34min Windows_11
USR225 PROJECT_COMPLETE 176.28 58min Fedora_v43
USR405 REFUND 375.01 120min Windows_11
USR891 BONUS 306.72 101min Fedora_v43
USR614 PROJECT_COMPLETE 278.0 33min Windows_11
USR164 BONUS 264.89 15min Android_v14
USR583 BONUS 239.02 103min Android_v14
USR599 REFUND 34.66 42min Windows_11
USR666 WITHDRAWAL 78.0 75min Windows_11
USR271 WITHDRAWAL 464.03 116min Fedora_v43
USR611 BONUS 493.79 74min Windows_11
USR192 REFUND 386.9 73min Windows_11
USR256 BONUS 97.49 41min Android_v14
USR790 PROJECT_COMPLETE 185.15 16min Fedora_v43
USR115 PROJECT_COMPLETE 486.49 110min iOS_v17
USR260 REFUND 150.61 57min Fedora_v43
USR617 BONUS 363.71 120min iOS_v17
USR757 PROJECT_COMPLETE 392.15 21min Android_v14
USR739 REFUND 490.08 13min Android_v14
USR919 PROJECT_COMPLETE 82.54 114min Fedora_v43
USR602 PROJECT_COMPLETE 217.48 62min Windows_11
USR352 BONUS 177.68 33min Android_v14
USR439 WITHDRAWAL 29.5 46min Fedora_v43
USR157 WITHDRAWAL 435.19 89min Android_v14
USR618 REFUND 26.08 24min Windows_11
USR467 BONUS 169.92 98min Windows_11
USR746 BONUS 168.48 90min Fedora_v43
USR550 BONUS 111.25 73min Android_v14
USR508 WITHDRAWAL 192.16 49min iOS_v17
USR803 WITHDRAWAL 10.31 13min Android_v14
USR306 REFUND 160.45 119min Android_v14
USR603 WITHDRAWAL 470.26 86min Windows_11
USR710 REFUND 348.15 64min Android_v14
USR889 PROJECT_COMPLETE 10.45 58min Windows_11
USR656 REFUND 37.56 71min iOS_v17
USR746 BONUS 311.15 87min Fedora_v43
USR992 BONUS 40.34 9min Fedora_v43
USR736 WITHDRAWAL 117.72 54min Android_v14
USR583 PROJECT_COMPLETE 197.3 35min iOS_v17
USR914 BONUS 299.82 102min iOS_v17
USR679 BONUS 268.05 56min iOS_v17
USR600 REFUND 364.34 7min Fedora_v43
USR624 PROJECT_COMPLETE 496.16 102min iOS_v17
USR616 WITHDRAWAL 492.72 56min iOS_v17
USR189 BONUS 21.8 6min Android_v14
USR860 REFUND 451.51 43min Fedora_v43
USR222 BONUS 174.65 86min iOS_v17
USR205 PROJECT_COMPLETE 360.89 18min Windows_11
USR534 WITHDRAWAL 103.39 105min Fedora_v43
USR954 WITHDRAWAL 353.32 94min iOS_v17
USR773 REFUND 192.21 32min Windows_11
USR361 WITHDRAWAL 366.51 22min Fedora_v43
USR789 REFUND 59.49 56min Windows_11
USR180 BONUS 107.13 49min iOS_v17
USR262 REFUND 120.12 47min Android_v14
USR502 BONUS 319.34 52min Fedora_v43
USR883 REFUND 98.16 17min Fedora_v43
USR975 REFUND 265.0 49min Android_v14
USR379 BONUS 159.12 86min Android_v14
USR313 PROJECT_COMPLETE 449.79 37min iOS_v17
USR299 REFUND 389.06 8min Windows_11
USR377 WITHDRAWAL 429.28 82min Fedora_v43
USR768 WITHDRAWAL 40.25 25min Fedora_v43
USR315 PROJECT_COMPLETE 415.51 9min Android_v14
USR311 REFUND 67.82 10min iOS_v17
USR649 WITHDRAWAL 411.15 41min Windows_11
