START:34:35:END
START:95:48
START:530:6E:END
START:29:10:END
START:601:6D:END
START:597:95:END
START:606:59:END
START:55:48:END
START:77:46:END
START:746:6E:END
START:854:1F:END
START:432:6F:END
START:32:26:END
START:15:CD:END
START:60:DC
START:66:F9:END
START:65:9E
START:818:EE
START:14:19:END
START:97:EF:END
START:307:88
START:55:DE:END
START:741:EC
START:163:81
START:204:6A:END
START:94:EA:END
START:198:9F:END
START:49:3:END
START:895:AD
START:396:7B
START:106:25:END
START:72:32
START:87:D1:END
START:87:42:END
START:78:65:END
START:124:34:END
START:394:3E:END
START:141:38:END
START:91:6B:END
START:31:C4:END
START:812:A4:END
START:860:55:END
START:15:CB:END
START:71:89:END
START:949:81
START:301:77:END
START:32:7C
START:717:40:END
START:63:2D:END
START:62:96:END
START:589:47
START:25:10:END
START:27:8F:END
START:352:87:END
START:656:8E:END
START:638:61:END
START:671:10:END
START:506:33:END
START:28:67
START:299:43:END
START:51:8:END
START:371:E1:END
START:39:27
START:71:D1:END
START:90:1D:END
START:99:9E
START:922:44:END
START:77:F1
START:707:21:END
START:55:5D:END
START:667:7A:END
START:208:52
START:58:71:END
START:58:2:END
START:277:A2
START:95:F4
START:539:F:END
START:739:BE:END
START:51:EF:END
START:173:9:END
START:577:30
START:52:87:END
START:32:A9:END
START:27:1B:END
START:16:3E:END
START:414:1:END
START:719:53:END
START:25:E9:END
START:944:8D
START:25:EA:END
START:50:0
START:792:C5:END
START:97:A3:END
START:438:5E:END
START:32:E:END
START:502:6C:END
START:50:D5:END
START:55:56:END
START:13:48:END
START:282:75:END
START:735:E0:END
START:486:4E:END
START:48:40:END
START:196:97
START:251:57
START:89:88
START:271:29
START:638:78:END
START:87:37:END
START:712:71:END
START:833:39:END
START:53:DA:END
START:86:74
START:326:AC:END
START:43:F3:END
START:59:71:END
START:36:29:END
START:398:CD
START:57:58:END
START:25:AD:END
START:928:65:END
START:58:F7:END
START:308:85:END
START:16:D3
START:44:8D:END
START:166:C7
START:341:A1:END
START:85:69:END
START:789:CC:END
START:43:1C
START:59:8:END
START:489:39:END
START:74:77:END
START:923:45:END
START:988:67:END
START:55:8E:END
START:774:73:END
START:231:B0:END
START:812:3B:END
START:735:11:END
START:98:1B:END
START:19:DE:END
START:678:17:END
START:869:64:END
START:496:D5:END
START:12:DF:END
START:421:DC
START:683:49:END
START:59:2A:END
START:308:D9:END
START:764:F6:END
START:27:F7
START:25:BC:END
START:70:B5
START:38:50:END
START:743:9C:END
START:13:89:END
START:666:40:END
START:75:1C:END
START:564:F8
START:10:0:END
START:60:C7
START:46:7A
START:67:1D:END
START:974:43
START:50:5B:END
START:273:EE
START:765:15:END
START:44:F9
START:86:8:END
START:566:36:END
START:79:D7:END
START:864:B5:END
START:92:DA:END
START:14:5D:END
START:393:3B:END
START:52:AA
START:19:2D
START:94:59:END
START:733:E5
START:261:91
START:397:68:END
START:29:74:END
START:37:AE:END
START:653:9C:END
START:77:18:END
START:419:35:END
START:13:FD:END
START:329:76:END
START:312:D2:END
START:813:69:END
START:23:32:END
START:43:16
START:40:73:END
START:15:90:END
START:37:21:END
START:269:65:END
START:701:FD:END
START:30:CF:END
START:34:95:END
