14:05:00,27.13
14:05:01,41.52
14:05:02,38.37
14:05:03,48.07
14:05:04,26.45
14:05:05,37.58
14:05:06,29.75
14:05:07,36.79
14:05:08,29.71
14:05:09,25.66
14:05:10,41.56
14:05:11,46.31
14:05:12,26.59
14:05:13,0.5
14:05:14,47.84
14:05:15,46.22
14:05:16,34.53
14:05:17,47.87
14:05:18,0.5
14:05:19,27.73
14:05:20,45.09
14:05:21,46.39
14:05:22,34.69
14:05:23,999.9
14:05:24,550.2
14:05:25,20.62
14:05:26,45.06
14:05:27,46.32
14:05:28,31.54
14:05:29,36.91
14:05:30,42.81
14:05:31,46.32
14:05:32,28.25
14:05:33,45.88
14:05:34,42.89
14:05:35,30.2
14:05:36,28.9
14:05:37,37.2
14:05:38,34.44
14:05:39,20.83
14:05:40,27.5
14:05:41,39.12
14:05:42,23.25
14:05:43,38.04
14:05:44,41.88
14:05:45,40.52
14:05:46,34.32
14:05:47,34.44
14:05:48,38.31
14:05:49,25.9
14:05:50,47.25
14:05:51,43.69
14:05:52,29.84
14:05:53,32.64
14:05:54,33.76
14:05:55,25.15
14:05:56,26.38
14:05:57,28.35
14:05:58,49.42
14:05:59,23.23
14:05:60,36.04
14:05:61,26.41
14:05:62,36.52
14:05:63,38.06
14:05:64,39.59
14:05:65,26.52
14:05:66,44.58
14:05:67,47.86
14:05:68,31.5
14:05:69,0.5
14:05:70,48.27
14:05:71,550.2
14:05:72,38.07
14:05:73,22.8
14:05:74,33.4
14:05:75,48.17
14:05:76,26.1
14:05:77,999.9
14:05:78,32.5
14:05:79,29.03
14:05:80,42.12
14:05:81,24.89
14:05:82,35.92
14:05:83,46.07
14:05:84,23.17
14:05:85,40.67
14:05:86,35.55
14:05:87,47.71
14:05:88,29.53
14:05:89,26.6
14:05:90,23.79
14:05:91,27.97
14:05:92,34.09
14:05:93,33.16
14:05:94,46.15
14:05:95,28.81
14:05:96,0.5
14:05:97,20.15
14:05:98,27.33
14:05:99,999.9
14:05:100,44.68
14:05:101,46.17
14:05:102,43.17
14:05:103,47.24
14:05:104,35.89
14:05:105,27.94
14:05:106,46.06
14:05:107,32.84
14:05:108,25.61
14:05:109,23.09
14:05:110,999.9
14:05:111,20.58
14:05:112,23.4
14:05:113,25.09
14:05:114,42.23
14:05:115,24.69
14:05:116,31.29
14:05:117,36.02
14:05:118,25.91
14:05:119,44.14
14:05:120,36.27
14:05:121,21.2
14:05:122,39.74
14:05:123,999.9
14:05:124,44.9
14:05:125,32.07
14:05:126,21.77
14:05:127,38.19
14:05:128,42.77
14:05:129,33.68
14:05:130,40.85
14:05:131,36.53
14:05:132,24.55
14:05:133,40.38
14:05:134,29.64
14:05:135,-1.0
14:05:136,49.97
14:05:137,21.13
14:05:138,45.95
14:05:139,20.83
14:05:140,20.71
14:05:141,30.16
14:05:142,46.93
14:05:143,999.9
14:05:144,44.02
14:05:145,999.9
14:05:146,45.14
14:05:147,43.17
14:05:148,37.56
14:05:149,27.92
14:05:150,39.15
14:05:151,25.56
14:05:152,28.0
14:05:153,32.03
14:05:154,49.53
14:05:155,43.18
14:05:156,40.86
14:05:157,23.71
14:05:158,28.06
14:05:159,26.3
14:05:160,36.33
14:05:161,45.05
14:05:162,49.6
14:05:163,45.31
14:05:164,47.9
14:05:165,40.29
14:05:166,44.11
14:05:167,27.63
14:05:168,42.69
14:05:169,24.47
14:05:170,29.72
14:05:171,23.88
14:05:172,21.48
14:05:173,38.62
14:05:174,26.06
14:05:175,28.95
14:05:176,45.19
14:05:177,28.06
14:05:178,31.33
14:05:179,25.1
14:05:180,20.72
14:05:181,38.3
14:05:182,48.37
14:05:183,550.2
14:05:184,28.64
14:05:185,44.49
14:05:186,25.25
14:05:187,31.07
14:05:188,43.74
14:05:189,29.23
14:05:190,40.31
14:05:191,29.03
14:05:192,23.35
14:05:193,23.86
14:05:194,26.6
14:05:195,29.8
14:05:196,21.33
14:05:197,32.85
14:05:198,24.92
14:05:199,31.96
14:05:200,20.55
14:05:201,45.28
14:05:202,40.38
14:05:203,47.44
14:05:204,35.46
14:05:205,37.26
14:05:206,34.52
14:05:207,33.01
14:05:208,32.14
14:05:209,33.67
14:05:210,43.11
14:05:211,32.57
14:05:212,49.49
14:05:213,36.44
14:05:214,45.3
14:05:215,550.2
14:05:216,28.9
14:05:217,39.55
14:05:218,27.6
14:05:219,36.24
14:05:220,40.09
14:05:221,21.08
14:05:222,43.65
14:05:223,41.32
14:05:224,26.78
14:05:225,44.62
14:05:226,44.07
14:05:227,32.66
14:05:228,44.06
14:05:229,33.98
14:05:230,20.06
14:05:231,36.31
14:05:232,31.67
14:05:233,42.87
14:05:234,37.9
14:05:235,41.94
14:05:236,23.3
14:05:237,47.96
14:05:238,25.37
14:05:239,550.2
14:05:240,46.1
14:05:241,36.92
14:05:242,43.68
14:05:243,49.21
14:05:244,49.41
14:05:245,46.63
14:05:246,25.89
14:05:247,25.59
14:05:248,999.9
14:05:249,29.5
14:05:250,22.17
14:05:251,34.62
14:05:252,20.15
14:05:253,23.55
14:05:254,24.27
14:05:255,26.42
14:05:256,34.76
14:05:257,42.29
14:05:258,25.16
14:05:259,35.36
14:05:260,38.57
14:05:261,36.34
14:05:262,33.35
14:05:263,33.17
14:05:264,46.3
14:05:265,35.63
14:05:266,32.0
14:05:267,45.73
14:05:268,25.52
14:05:269,24.89
14:05:270,46.27
14:05:271,30.14
14:05:272,999.9
14:05:273,25.56
14:05:274,48.15
14:05:275,0.5
14:05:276,35.28
14:05:277,30.47
14:05:278,34.3
14:05:279,33.44
14:05:280,36.08
14:05:281,25.24
14:05:282,550.2
14:05:283,39.78
14:05:284,42.85
14:05:285,32.93
14:05:286,33.46
14:05:287,26.12
14:05:288,24.52
14:05:289,42.35
14:05:290,49.4
14:05:291,23.09
14:05:292,-1.0
14:05:293,40.19
14:05:294,42.86
14:05:295,31.92
14:05:296,-1.0
14:05:297,39.71
14:05:298,44.34
14:05:299,21.5
14:05:300,27.21
14:05:301,37.18
14:05:302,36.25
14:05:303,25.56
14:05:304,46.45
14:05:305,27.24
14:05:306,34.55
14:05:307,41.34
14:05:308,28.76
14:05:309,37.65
14:05:310,26.0
14:05:311,24.0
14:05:312,22.4
14:05:313,-1.0
14:05:314,44.79
14:05:315,39.04
14:05:316,22.03
14:05:317,46.8
14:05:318,41.78
14:05:319,21.83
14:05:320,37.69
14:05:321,29.01
14:05:322,45.43
14:05:323,21.49
14:05:324,35.2
14:05:325,550.2
14:05:326,46.73
14:05:327,0.5
14:05:328,32.24
14:05:329,37.03
14:05:330,39.25
14:05:331,550.2
14:05:332,38.74
14:05:333,39.14
14:05:334,35.66
14:05:335,26.02
14:05:336,0.5
14:05:337,40.11
14:05:338,20.75
14:05:339,24.65
14:05:340,41.07
14:05:341,39.26
14:05:342,41.61
14:05:343,49.73
14:05:344,31.55
14:05:345,39.08
14:05:346,49.71
14:05:347,27.53
14:05:348,32.07
14:05:349,46.53
14:05:350,-1.0
14:05:351,44.46
14:05:352,26.93
14:05:353,24.25
14:05:354,47.37
14:05:355,33.96
14:05:356,36.5
14:05:357,25.65
14:05:358,27.45
14:05:359,47.98
14:05:360,46.44
14:05:361,38.53
14:05:362,36.11
14:05:363,43.89
14:05:364,42.92
14:05:365,41.01
14:05:366,32.08
14:05:367,21.72
14:05:368,550.2
14:05:369,48.58
14:05:370,39.41
14:05:371,49.47
14:05:372,550.2
14:05:373,48.32
14:05:374,36.31
14:05:375,47.78
14:05:376,45.3
14:05:377,36.32
14:05:378,550.2
14:05:379,23.64
14:05:380,25.06
14:05:381,45.02
14:05:382,35.04
14:05:383,38.78
14:05:384,32.96
14:05:385,49.3
14:05:386,34.19
14:05:387,26.89
14:05:388,999.9
14:05:389,27.97
14:05:390,44.61
14:05:391,29.1
14:05:392,47.46
14:05:393,45.67
14:05:394,31.24
14:05:395,37.38
14:05:396,26.79
14:05:397,23.55
14:05:398,38.5
14:05:399,40.04
14:05:400,46.85
14:05:401,26.86
14:05:402,47.29
14:05:403,24.89
14:05:404,24.83
14:05:405,-1.0
14:05:406,27.48
14:05:407,0.5
14:05:408,550.2
14:05:409,22.6
14:05:410,38.46
14:05:411,41.85
14:05:412,29.49
14:05:413,48.56
14:05:414,27.56
14:05:415,22.97
14:05:416,47.27
14:05:417,47.95
14:05:418,43.18
14:05:419,26.87
14:05:420,38.64
14:05:421,21.26
14:05:422,20.68
14:05:423,550.2
14:05:424,48.9
14:05:425,25.08
14:05:426,27.09
14:05:427,37.99
14:05:428,550.2
14:05:429,34.67
14:05:430,39.92
14:05:431,25.57
14:05:432,37.96
14:05:433,999.9
14:05:434,23.56
14:05:435,24.82
14:05:436,23.98
14:05:437,37.81
14:05:438,30.78
14:05:439,43.05
14:05:440,24.56
14:05:441,38.48
14:05:442,46.62
14:05:443,36.37
14:05:444,43.11
14:05:445,30.86
14:05:446,40.32
14:05:447,36.08
14:05:448,21.44
14:05:449,0.5
14:05:450,38.47
14:05:451,39.66
14:05:452,31.75
14:05:453,47.43
14:05:454,36.39
14:05:455,24.52
14:05:456,41.81
14:05:457,41.57
14:05:458,35.72
14:05:459,26.45
14:05:460,33.91
14:05:461,27.22
14:05:462,0.5
14:05:463,32.92
14:05:464,36.27
14:05:465,23.08
14:05:466,28.61
14:05:467,0.5
14:05:468,32.04
14:05:469,34.03
14:05:470,46.82
14:05:471,30.13
14:05:472,30.93
14:05:473,25.18
14:05:474,999.9
14:05:475,27.18
14:05:476,32.03
14:05:477,47.75
14:05:478,46.81
14:05:479,36.41
14:05:480,35.61
14:05:481,27.02
14:05:482,49.1
14:05:483,31.78
14:05:484,47.65
14:05:485,22.63
14:05:486,28.01
14:05:487,21.53
14:05:488,24.81
14:05:489,20.35
14:05:490,44.88
14:05:491,33.6
14:05:492,36.79
14:05:493,30.69
14:05:494,31.2
14:05:495,29.51
14:05:496,550.2
14:05:497,28.71
14:05:498,0.5
14:05:499,24.83
