ERROR: Auth_Fail_Low
ERROR: Network_Lag_High
ERROR: Network_Lag_High
ERROR: Disk_Full_Critical
ERROR: Disk_Full_Critical
ERROR: Network_Lag_High
ERROR: Disk_Full_Critical
ERROR: DB_Timeout_High
ERROR: DB_Timeout_High
STATUS: MAINTENANCE
ERROR: Network_Lag_High
ERROR: DB_Timeout_High
ERROR: Auth_Fail_Low
ERROR: Network_Lag_High
ERROR: Disk_Full_Critical
ERROR: Disk_Full_Critical
ERROR: Auth_Fail_Low
ERROR: Disk_Full_Critical
ERROR: Network_Lag_High
ERROR: Network_Lag_High
STATUS: HIGH_LOAD
ERROR: Disk_Full_Critical
ERROR: Auth_Fail_Low
ERROR: Disk_Full_Critical
ERROR: Auth_Fail_Low
ERROR: DB_Timeout_High
ERROR: Disk_Full_Critical
ERROR: Auth_Fail_Low
ERROR: Disk_Full_Critical
ERROR: Network_Lag_High
ERROR: Network_Lag_High
STATUS: SYSTEM_OK
ERROR: Network_Lag_High
ERROR: Network_Lag_High
ERROR: Auth_Fail_Low
ERROR: DB_Timeout_High
ERROR: DB_Timeout_High
ERROR: Disk_Full_Critical
ERROR: Disk_Full_Critical
ERROR: DB_Timeout_High
ERROR: Auth_Fail_Low
ERROR: Network_Lag_High
STATUS: SYSTEM_OK
ERROR: Disk_Full_Critical
ERROR: Network_Lag_High
ERROR: Disk_Full_Critical
ERROR: Network_Lag_High
ERROR: DB_Timeout_High
ERROR: DB_Timeout_High
ERROR: Disk_Full_Critical
ERROR: DB_Timeout_High
ERROR: Network_Lag_High
ERROR: Auth_Fail_Low
STATUS: HIGH_LOAD
ERROR: Auth_Fail_Low
