[14:15:52] TEMP:41.7 (C) ERROR
[14:42:27] SPEED:0.7 (m/s) ERROR
[14:56:52] TEMP:37.8 (C) ERROR
[14:40:34] DIST:68.1 (cm) ACTIVE
[14:22:16] SPEED:1.7 (m/s) ERROR
[14:13:44] SPEED:2.5 (m/s) ACTIVE
[14:40:11] TEMP:23.3 (C) IDLE
[14:38:33] SPEED:4.1 (m/s) ACTIVE
[14:55:47] DIST:88.5 (cm) ACTIVE
[14:32:29] DIST:70.6 (cm) ERROR
[14:25:28] SPEED:2.8 (m/s) ERROR
[14:10:15] TEMP:17.3 (C) ACTIVE
[14:10:17] DIST:21.1 (cm) IDLE
[14:11:35] TEMP:38.3 (C) IDLE
[14:35:56] TEMP:40.0 (C) ACTIVE
[14:47:28] SPEED:1.7 (m/s) ERROR
[14:24:54] TEMP:17.2 (C) ACTIVE
[14:37:45] SPEED:3.7 (m/s) ERROR
[14:15:35] TEMP:27.2 (C) IDLE
[14:59:32] SPEED:4.8 (m/s) IDLE
[14:29:19] DIST:96.0 (cm) IDLE
[14:14:55] TEMP:18.8 (C) ERROR
[14:22:22] SPEED:3.1 (m/s) ACTIVE
[14:24:34] TEMP:28.1 (C) ERROR
[14:12:42] TEMP:19.7 (C) ERROR
[14:48:52] SPEED:4.7 (m/s) ERROR
[14:13:26] SPEED:4.6 (m/s) IDLE
[14:47:30] SPEED:2.9 (m/s) ERROR
[14:28:37] SPEED:3.6 (m/s) IDLE
[14:36:26] SPEED:3.0 (m/s) ACTIVE
[14:49:13] DIST:43.1 (cm) ACTIVE
[14:16:46] DIST:48.6 (cm) ERROR
[14:32:48] DIST:47.3 (cm) ACTIVE
[14:19:40] TEMP:43.7 (C) IDLE
[14:24:53] SPEED:2.6 (m/s) IDLE
[14:12:44] SPEED:4.0 (m/s) ACTIVE
[14:37:32] SPEED:1.7 (m/s) IDLE
[14:24:23] TEMP:37.4 (C) IDLE
[14:29:39] DIST:72.5 (cm) ERROR
[14:25:52] TEMP:17.9 (C) IDLE
[14:54:17] DIST:76.6 (cm) ACTIVE
[14:17:14] SPEED:0.6 (m/s) ERROR
[14:33:49] TEMP:31.0 (C) ACTIVE
[14:59:38] DIST:12.8 (cm) ERROR
[14:47:49] DIST:18.6 (cm) ERROR
[14:36:23] DIST:65.0 (cm) ACTIVE
[14:46:18] TEMP:24.7 (C) ACTIVE
[14:26:28] TEMP:22.0 (C) IDLE
[14:57:14] SPEED:1.2 (m/s) ERROR
[14:47:54] SPEED:4.4 (m/s) ERROR
[14:28:49] TEMP:42.4 (C) IDLE
[14:51:24] TEMP:37.8 (C) IDLE
[14:41:55] SPEED:4.9 (m/s) ERROR
[14:55:21] TEMP:17.8 (C) IDLE
[14:43:18] DIST:39.8 (cm) IDLE
[14:26:11] SPEED:1.2 (m/s) IDLE
[14:30:13] SPEED:2.3 (m/s) ACTIVE
[14:24:19] SPEED:4.8 (m/s) ERROR
[14:56:23] TEMP:22.0 (C) ACTIVE
[14:13:17] DIST:26.2 (cm) ACTIVE
[14:51:47] SPEED:3.9 (m/s) IDLE
[14:33:47] SPEED:4.1 (m/s) ACTIVE
[14:40:46] DIST:26.5 (cm) ERROR
[14:20:15] DIST:47.3 (cm) ERROR
[14:36:25] TEMP:34.0 (C) ERROR
[14:20:20] SPEED:2.0 (m/s) ACTIVE
[14:50:46] SPEED:2.4 (m/s) ACTIVE
[14:23:26] DIST:23.9 (cm) ACTIVE
[14:48:48] DIST:33.3 (cm) ACTIVE
[14:22:35] TEMP:18.7 (C) ERROR
[14:54:36] DIST:97.6 (cm) ACTIVE
[14:10:12] SPEED:3.9 (m/s) ACTIVE
[14:22:44] SPEED:4.0 (m/s) ERROR
[14:33:37] DIST:46.1 (cm) ERROR
[14:31:20] TEMP:38.4 (C) IDLE
[14:27:38] DIST:56.2 (cm) ERROR
[14:29:57] TEMP:40.0 (C) ACTIVE
[14:46:25] DIST:25.9 (cm) IDLE
[14:44:35] DIST:73.1 (cm) ACTIVE
[14:32:23] SPEED:3.5 (m/s) ERROR
[14:15:15] TEMP:19.1 (C) ACTIVE
[14:51:59] TEMP:30.0 (C) ERROR
[14:38:24] TEMP:21.9 (C) ACTIVE
[14:13:46] DIST:75.7 (cm) ACTIVE
[14:26:48] DIST:18.4 (cm) ERROR
[14:13:13] TEMP:17.3 (C) IDLE
[14:17:35] DIST:51.7 (cm) ACTIVE
[14:40:59] DIST:35.3 (cm) ACTIVE
[14:16:21] SPEED:2.2 (m/s) IDLE
[14:51:55] TEMP:34.5 (C) ACTIVE
[14:48:13] SPEED:1.4 (m/s) ERROR
[14:55:26] SPEED:4.4 (m/s) IDLE
[14:24:41] DIST:58.7 (cm) ERROR
[14:27:55] DIST:16.0 (cm) ERROR
[14:42:53] TEMP:38.1 (C) ERROR
[14:58:16] DIST:21.9 (cm) ACTIVE
[14:28:44] SPEED:3.3 (m/s) ACTIVE
[14:35:35] DIST:56.5 (cm) IDLE
[14:42:17] SPEED:4.6 (m/s) ACTIVE
[14:58:29] TEMP:41.2 (C) IDLE
[14:50:21] SPEED:3.6 (m/s) IDLE
[14:20:26] DIST:14.9 (cm) ACTIVE
[14:12:44] SPEED:3.6 (m/s) IDLE
[14:28:43] SPEED:4.0 (m/s) ACTIVE
[14:49:43] TEMP:22.5 (C) IDLE
[14:18:32] SPEED:3.3 (m/s) ERROR
[14:39:19] SPEED:0.9 (m/s) ACTIVE
[14:55:16] DIST:75.6 (cm) ERROR
[14:44:10] SPEED:4.5 (m/s) IDLE
[14:43:24] TEMP:25.1 (C) ACTIVE
[14:15:49] SPEED:4.7 (m/s) IDLE
[14:35:19] SPEED:4.2 (m/s) ERROR
[14:39:59] TEMP:37.8 (C) ERROR
[14:19:32] TEMP:29.9 (C) IDLE
[14:28:49] DIST:83.5 (cm) ACTIVE
[14:27:30] TEMP:18.1 (C) ACTIVE
[14:17:29] TEMP:31.4 (C) ERROR
[14:57:20] SPEED:1.4 (m/s) ACTIVE
[14:17:51] SPEED:2.1 (m/s) IDLE
[14:47:24] DIST:94.4 (cm) ACTIVE
[14:23:30] SPEED:4.2 (m/s) ACTIVE
[14:31:23] DIST:98.0 (cm) ERROR
[14:46:48] DIST:70.3 (cm) ACTIVE
[14:20:22] SPEED:1.9 (m/s) IDLE
[14:36:20] TEMP:18.8 (C) ACTIVE
[14:48:35] SPEED:1.7 (m/s) ACTIVE
[14:59:34] SPEED:3.3 (m/s) ERROR
[14:44:22] TEMP:19.8 (C) ACTIVE
[14:10:41] SPEED:2.7 (m/s) ACTIVE
[14:49:46] DIST:33.0 (cm) ERROR
[14:12:51] TEMP:19.0 (C) ERROR
[14:31:26] SPEED:1.8 (m/s) ERROR
[14:50:13] TEMP:23.2 (C) IDLE
[14:34:35] DIST:50.8 (cm) IDLE
[14:52:27] DIST:20.2 (cm) IDLE
[14:17:30] TEMP:43.4 (C) ERROR
[14:47:57] SPEED:0.6 (m/s) ACTIVE
[14:10:17] SPEED:2.4 (m/s) ERROR
[14:45:15] TEMP:28.8 (C) IDLE
[14:16:53] TEMP:36.6 (C) ERROR
[14:55:35] TEMP:24.2 (C) IDLE
[14:30:32] SPEED:3.6 (m/s) ACTIVE
[14:19:18] DIST:23.2 (cm) ERROR
[14:30:28] DIST:85.4 (cm) ACTIVE
[14:15:15] SPEED:3.3 (m/s) IDLE
[14:39:58] SPEED:4.5 (m/s) IDLE
[14:52:43] DIST:51.5 (cm) IDLE
[14:37:24] DIST:87.1 (cm) ERROR
[14:28:19] TEMP:26.7 (C) ACTIVE
[14:46:30] TEMP:38.3 (C) IDLE
[14:24:19] SPEED:4.0 (m/s) ERROR
[14:41:28] TEMP:35.0 (C) ERROR
[14:32:51] SPEED:4.2 (m/s) ERROR
[14:36:38] SPEED:1.8 (m/s) ACTIVE
[14:57:33] SPEED:1.0 (m/s) ERROR
[14:38:58] TEMP:33.9 (C) ACTIVE
[14:48:21] TEMP:21.5 (C) IDLE
[14:52:41] TEMP:43.2 (C) IDLE
[14:10:30] SPEED:5.0 (m/s) ACTIVE
[14:42:43] DIST:59.1 (cm) ACTIVE
[14:28:21] DIST:95.9 (cm) ERROR
[14:44:58] DIST:83.2 (cm) IDLE
[14:11:53] SPEED:0.9 (m/s) ERROR
[14:59:37] DIST:93.1 (cm) IDLE
[14:56:12] DIST:40.5 (cm) IDLE
[14:14:21] TEMP:30.8 (C) ACTIVE
[14:11:15] SPEED:3.9 (m/s) ACTIVE
[14:45:43] TEMP:24.8 (C) IDLE
[14:46:49] SPEED:3.0 (m/s) IDLE
[14:38:15] SPEED:3.9 (m/s) ACTIVE
[14:29:19] TEMP:37.0 (C) IDLE
[14:44:37] DIST:18.0 (cm) ERROR
[14:28:29] DIST:24.5 (cm) ERROR
[14:57:20] TEMP:16.3 (C) IDLE
[14:19:56] SPEED:1.4 (m/s) IDLE
[14:11:29] DIST:90.6 (cm) ACTIVE
[14:53:53] SPEED:2.2 (m/s) IDLE
[14:23:55] SPEED:1.7 (m/s) ERROR
[14:43:16] TEMP:27.4 (C) ERROR
[14:16:29] TEMP:32.0 (C) IDLE
[14:30:45] SPEED:1.2 (m/s) ERROR
[14:40:46] DIST:72.0 (cm) ERROR
[14:41:40] SPEED:1.8 (m/s) ERROR
[14:38:52] SPEED:0.6 (m/s) ERROR
[14:12:39] SPEED:1.2 (m/s) ERROR
[14:24:24] TEMP:23.1 (C) ACTIVE
[14:12:47] TEMP:33.5 (C) IDLE
[14:51:41] DIST:58.2 (cm) ACTIVE
[14:56:46] DIST:65.9 (cm) ACTIVE
[14:25:30] SPEED:0.6 (m/s) ERROR
[14:39:14] TEMP:39.1 (C) ERROR
[14:27:35] TEMP:35.9 (C) IDLE
[14:53:18] TEMP:26.8 (C) ACTIVE
[14:43:17] TEMP:25.1 (C) ACTIVE
[14:53:24] DIST:77.0 (cm) ERROR
[14:28:13] SPEED:3.1 (m/s) ACTIVE
[14:15:16] DIST:25.1 (cm) ERROR
[14:51:43] TEMP:28.7 (C) ERROR
[14:40:50] TEMP:36.0 (C) IDLE
[14:14:11] TEMP:38.6 (C) ERROR
[14:46:22] TEMP:15.4 (C) ACTIVE
[14:28:47] SPEED:0.9 (m/s) ERROR
[14:53:21] TEMP:28.2 (C) ACTIVE
[14:43:56] SPEED:0.7 (m/s) ACTIVE
[14:56:11] TEMP:19.6 (C) ERROR
[14:12:42] SPEED:1.9 (m/s) ERROR
[14:39:58] DIST:76.7 (cm) ACTIVE
[14:58:29] SPEED:1.3 (m/s) ERROR
[14:23:54] DIST:33.4 (cm) ERROR
[14:29:33] TEMP:44.8 (C) ERROR
[14:52:30] SPEED:1.0 (m/s) ERROR
[14:22:28] TEMP:38.3 (C) IDLE
[14:39:15] TEMP:19.9 (C) ERROR
[14:29:37] SPEED:2.6 (m/s) ERROR
[14:13:36] DIST:98.2 (cm) ERROR
[14:57:32] DIST:93.4 (cm) ERROR
[14:53:40] SPEED:4.7 (m/s) ERROR
[14:53:31] SPEED:4.8 (m/s) IDLE
[14:31:56] SPEED:3.8 (m/s) IDLE
[14:58:42] TEMP:21.4 (C) ERROR
[14:16:42] DIST:79.6 (cm) IDLE
[14:40:11] SPEED:4.2 (m/s) IDLE
[14:36:18] DIST:35.3 (cm) IDLE
[14:41:24] SPEED:1.5 (m/s) ERROR
[14:42:13] SPEED:3.1 (m/s) ACTIVE
[14:58:37] SPEED:2.3 (m/s) IDLE
[14:58:21] SPEED:1.7 (m/s) IDLE
[14:39:43] SPEED:3.2 (m/s) ACTIVE
[14:56:26] TEMP:18.9 (C) ACTIVE
[14:33:16] DIST:45.7 (cm) ERROR
[14:34:33] TEMP:37.0 (C) ERROR
[14:54:53] DIST:36.7 (cm) ACTIVE
[14:48:24] DIST:46.7 (cm) ERROR
[14:34:36] TEMP:30.2 (C) ERROR
[14:57:22] SPEED:1.2 (m/s) ACTIVE
[14:51:24] DIST:60.5 (cm) ACTIVE
[14:16:27] DIST:79.0 (cm) IDLE
[14:17:50] SPEED:2.9 (m/s) ERROR
[14:48:39] SPEED:3.6 (m/s) ERROR
[14:22:34] SPEED:0.5 (m/s) IDLE
[14:50:44] TEMP:30.7 (C) ERROR
[14:40:12] TEMP:16.1 (C) IDLE
[14:17:17] SPEED:2.8 (m/s) ERROR
[14:21:34] TEMP:35.6 (C) IDLE
[14:53:29] DIST:56.6 (cm) ERROR
[14:58:44] DIST:25.7 (cm) IDLE
[14:40:11] TEMP:39.9 (C) IDLE
[14:35:45] DIST:68.1 (cm) IDLE
[14:45:25] SPEED:4.5 (m/s) ERROR
[14:42:25] DIST:88.2 (cm) IDLE
[14:41:53] TEMP:27.2 (C) ACTIVE
[14:46:59] TEMP:42.4 (C) ACTIVE
[14:26:34] TEMP:42.4 (C) ACTIVE
[14:52:38] TEMP:25.8 (C) ERROR
[14:12:54] SPEED:4.0 (m/s) ACTIVE
[14:51:16] DIST:67.9 (cm) ERROR
[14:20:22] SPEED:3.5 (m/s) ACTIVE
[14:46:42] TEMP:35.7 (C) ERROR
[14:56:48] SPEED:1.2 (m/s) ERROR
[14:25:39] TEMP:24.6 (C) ERROR
[14:35:31] DIST:34.0 (cm) ERROR
[14:44:54] TEMP:21.8 (C) ERROR
[14:41:54] TEMP:35.7 (C) ACTIVE
[14:24:33] SPEED:2.5 (m/s) IDLE
[14:52:23] DIST:56.4 (cm) IDLE
[14:52:32] DIST:37.1 (cm) IDLE
[14:11:27] DIST:53.4 (cm) IDLE
[14:52:55] SPEED:3.2 (m/s) IDLE
[14:16:10] SPEED:2.9 (m/s) ERROR
[14:10:40] TEMP:17.8 (C) ACTIVE
[14:53:42] TEMP:33.1 (C) IDLE
[14:48:21] DIST:50.6 (cm) ERROR
[14:35:45] DIST:52.7 (cm) IDLE
[14:47:43] TEMP:42.8 (C) IDLE
[14:52:18] SPEED:2.1 (m/s) IDLE
[14:18:29] DIST:90.6 (cm) IDLE
[14:19:45] TEMP:24.2 (C) ERROR
[14:26:52] SPEED:3.5 (m/s) IDLE
[14:52:30] TEMP:21.2 (C) ERROR
[14:41:17] TEMP:42.8 (C) ERROR
[14:59:46] DIST:65.0 (cm) IDLE
[14:58:35] SPEED:2.2 (m/s) IDLE
[14:48:39] SPEED:2.0 (m/s) ACTIVE
[14:38:50] SPEED:1.8 (m/s) ACTIVE
[14:13:30] TEMP:21.9 (C) ACTIVE
[14:49:23] DIST:24.9 (cm) IDLE
[14:48:27] SPEED:4.1 (m/s) ERROR
[14:19:12] DIST:57.1 (cm) IDLE
[14:20:42] TEMP:41.9 (C) IDLE
[14:14:29] TEMP:26.8 (C) ACTIVE
[14:19:21] SPEED:1.6 (m/s) ERROR
[14:53:55] TEMP:24.3 (C) ACTIVE
[14:51:32] DIST:71.6 (cm) ERROR
[14:31:59] DIST:46.8 (cm) ERROR
[14:41:55] SPEED:2.4 (m/s) IDLE
[14:46:15] DIST:92.9 (cm) ERROR
[14:44:41] SPEED:0.7 (m/s) ERROR
[14:44:55] DIST:57.7 (cm) ACTIVE
[14:55:21] TEMP:35.0 (C) ERROR
[14:14:59] SPEED:1.4 (m/s) IDLE
[14:35:12] SPEED:5.0 (m/s) ACTIVE
[14:54:51] SPEED:5.0 (m/s) ACTIVE
[14:33:27] DIST:73.3 (cm) ERROR
[14:32:21] TEMP:34.0 (C) ERROR
[14:48:30] SPEED:3.8 (m/s) ACTIVE
[14:27:50] TEMP:17.5 (C) ERROR
[14:22:57] DIST:82.3 (cm) ACTIVE
[14:51:41] DIST:19.7 (cm) ERROR
[14:33:47] SPEED:2.4 (m/s) ACTIVE
[14:41:59] DIST:23.2 (cm) ACTIVE
[14:12:56] TEMP:17.0 (C) ACTIVE
[14:19:59] DIST:36.8 (cm) ERROR
[14:52:27] TEMP:32.3 (C) ERROR
[14:12:27] SPEED:2.4 (m/s) ERROR
[14:20:19] SPEED:0.6 (m/s) IDLE
[14:37:55] TEMP:33.8 (C) ACTIVE
[14:31:38] SPEED:1.3 (m/s) IDLE
[14:17:38] TEMP:17.6 (C) ERROR
[14:19:53] TEMP:16.6 (C) ERROR
[14:39:46] DIST:29.2 (cm) IDLE
[14:59:43] TEMP:36.8 (C) IDLE
[14:34:24] TEMP:44.0 (C) IDLE
[14:49:34] SPEED:1.6 (m/s) ACTIVE
[14:20:27] DIST:30.4 (cm) ERROR
[14:53:33] SPEED:2.0 (m/s) ACTIVE
[14:11:18] SPEED:4.7 (m/s) IDLE
[14:55:47] TEMP:32.1 (C) ACTIVE
[14:30:48] SPEED:2.6 (m/s) IDLE
[14:11:23] TEMP:43.0 (C) ERROR
[14:16:58] TEMP:27.3 (C) ACTIVE
[14:32:32] SPEED:2.3 (m/s) IDLE
[14:20:30] DIST:88.4 (cm) IDLE
[14:47:21] DIST:22.6 (cm) ERROR
[14:42:27] DIST:41.7 (cm) ACTIVE
[14:15:27] DIST:35.7 (cm) ERROR
[14:39:28] TEMP:32.6 (C) IDLE
[14:55:40] DIST:47.5 (cm) ERROR
[14:56:17] SPEED:3.3 (m/s) ERROR
[14:10:14] TEMP:31.2 (C) ACTIVE
[14:25:11] DIST:13.4 (cm) IDLE
[14:13:20] TEMP:30.1 (C) IDLE
[14:19:13] TEMP:16.4 (C) ERROR
[14:11:32] DIST:18.1 (cm) IDLE
[14:40:15] TEMP:19.8 (C) IDLE
[14:35:12] SPEED:2.6 (m/s) ERROR
[14:36:57] DIST:10.8 (cm) ACTIVE
[14:22:10] DIST:48.7 (cm) ACTIVE
[14:48:46] DIST:48.6 (cm) IDLE
[14:19:47] DIST:44.6 (cm) ERROR
[14:41:50] DIST:11.8 (cm) ERROR
[14:35:59] DIST:52.8 (cm) IDLE
[14:17:36] TEMP:21.9 (C) ERROR
[14:20:10] TEMP:36.3 (C) IDLE
[14:45:37] TEMP:31.4 (C) ERROR
[14:33:22] DIST:15.1 (cm) ERROR
[14:33:44] TEMP:33.2 (C) ACTIVE
[14:28:16] DIST:32.6 (cm) ERROR
[14:51:43] DIST:13.7 (cm) IDLE
[14:52:23] SPEED:0.6 (m/s) ACTIVE
[14:42:51] DIST:18.4 (cm) ERROR
[14:41:32] TEMP:32.6 (C) ACTIVE
[14:46:20] TEMP:39.2 (C) ERROR
[14:49:56] DIST:13.0 (cm) ERROR
[14:48:23] TEMP:21.2 (C) ACTIVE
[14:23:44] TEMP:43.9 (C) ERROR
[14:42:23] TEMP:22.4 (C) ERROR
[14:15:56] TEMP:20.8 (C) ACTIVE
[14:35:55] TEMP:22.4 (C) ACTIVE
[14:39:39] DIST:65.3 (cm) IDLE
[14:13:30] DIST:13.4 (cm) ERROR
[14:33:18] DIST:32.5 (cm) ACTIVE
[14:26:25] DIST:76.3 (cm) IDLE
[14:28:19] TEMP:18.9 (C) IDLE
[14:13:26] TEMP:25.7 (C) ERROR
[14:52:25] SPEED:4.8 (m/s) IDLE
[14:35:37] TEMP:34.3 (C) ACTIVE
[14:14:59] DIST:70.0 (cm) ERROR
[14:53:15] SPEED:2.0 (m/s) IDLE
[14:17:17] DIST:75.7 (cm) ERROR
[14:26:35] DIST:27.4 (cm) ERROR
[14:31:20] SPEED:3.3 (m/s) ERROR
[14:55:26] TEMP:15.0 (C) ACTIVE
[14:44:13] SPEED:2.5 (m/s) ERROR
[14:21:11] DIST:97.9 (cm) ERROR
[14:35:53] SPEED:4.6 (m/s) ACTIVE
[14:24:36] TEMP:28.3 (C) ACTIVE
[14:44:14] SPEED:4.4 (m/s) IDLE
[14:45:54] SPEED:4.1 (m/s) ACTIVE
[14:56:30] DIST:70.6 (cm) ERROR
[14:10:58] SPEED:1.3 (m/s) IDLE
[14:37:32] SPEED:2.7 (m/s) IDLE
[14:12:44] DIST:51.0 (cm) ERROR
[14:20:49] DIST:57.2 (cm) IDLE
[14:56:57] DIST:47.6 (cm) IDLE
[14:40:54] TEMP:29.3 (C) ACTIVE
[14:45:44] DIST:98.2 (cm) ACTIVE
[14:24:39] DIST:44.2 (cm) ERROR
[14:58:36] DIST:45.9 (cm) ERROR
[14:57:26] SPEED:1.2 (m/s) ACTIVE
[14:56:21] SPEED:1.9 (m/s) ACTIVE
[14:13:25] TEMP:27.4 (C) IDLE
[14:13:58] TEMP:45.0 (C) ACTIVE
[14:53:20] SPEED:3.8 (m/s) ERROR
[14:57:23] TEMP:29.7 (C) ERROR
[14:15:15] TEMP:45.0 (C) IDLE
[14:26:37] TEMP:18.4 (C) IDLE
[14:26:56] SPEED:3.6 (m/s) ACTIVE
[14:33:28] DIST:20.3 (cm) ACTIVE
[14:26:25] SPEED:3.5 (m/s) ERROR
[14:29:42] SPEED:4.8 (m/s) ACTIVE
[14:39:24] TEMP:37.2 (C) ERROR
[14:19:44] SPEED:1.2 (m/s) ACTIVE
[14:49:55] TEMP:31.0 (C) ACTIVE
[14:41:34] DIST:25.5 (cm) ERROR
[14:23:53] SPEED:4.0 (m/s) ERROR
[14:55:32] DIST:16.4 (cm) ERROR
[14:22:56] TEMP:31.2 (C) ACTIVE
[14:41:30] TEMP:22.1 (C) ACTIVE
[14:22:50] DIST:52.0 (cm) ERROR
[14:22:40] DIST:47.3 (cm) ERROR
[14:53:30] DIST:80.3 (cm) ERROR
[14:47:56] SPEED:3.7 (m/s) IDLE
[14:51:58] TEMP:25.9 (C) ERROR
[14:46:40] TEMP:40.3 (C) ERROR
[14:20:11] SPEED:3.4 (m/s) ERROR
[14:43:36] TEMP:15.3 (C) ACTIVE
[14:18:32] TEMP:36.3 (C) IDLE
[14:12:18] SPEED:1.5 (m/s) IDLE
[14:48:48] SPEED:1.9 (m/s) ERROR
[14:45:22] DIST:61.1 (cm) ERROR
[14:59:31] TEMP:19.7 (C) ERROR
[14:29:14] TEMP:27.8 (C) ERROR
[14:29:22] SPEED:1.7 (m/s) ERROR
[14:12:40] DIST:97.2 (cm) ACTIVE
[14:22:46] DIST:28.3 (cm) ACTIVE
[14:58:31] DIST:43.3 (cm) IDLE
[14:24:17] SPEED:3.1 (m/s) IDLE
[14:34:17] SPEED:1.1 (m/s) ACTIVE
[14:59:11] SPEED:3.2 (m/s) ERROR
[14:13:54] TEMP:41.5 (C) ERROR
[14:15:57] TEMP:44.4 (C) IDLE
[14:19:48] DIST:85.2 (cm) ACTIVE
[14:42:37] SPEED:1.3 (m/s) ACTIVE
[14:14:10] DIST:19.8 (cm) ERROR
[14:16:12] TEMP:25.5 (C) IDLE
[14:49:28] DIST:66.0 (cm) ACTIVE
[14:26:10] TEMP:18.8 (C) IDLE
[14:15:30] TEMP:15.5 (C) IDLE
[14:33:24] DIST:26.1 (cm) ACTIVE
[14:17:38] TEMP:38.0 (C) ERROR
[14:20:35] DIST:45.1 (cm) ACTIVE
[14:58:43] SPEED:4.1 (m/s) ERROR
[14:17:59] DIST:87.1 (cm) IDLE
[14:53:12] DIST:70.0 (cm) ACTIVE
[14:45:42] TEMP:32.2 (C) ERROR
[14:32:58] TEMP:21.2 (C) ACTIVE
[14:19:32] DIST:25.9 (cm) IDLE
[14:19:21] SPEED:1.4 (m/s) IDLE
[14:34:47] SPEED:0.8 (m/s) IDLE
[14:49:27] DIST:23.3 (cm) ERROR
[14:43:23] SPEED:1.3 (m/s) ERROR
[14:57:24] TEMP:24.0 (C) ERROR
[14:23:13] DIST:64.5 (cm) ERROR
[14:37:41] TEMP:43.6 (C) IDLE
[14:33:31] SPEED:3.4 (m/s) IDLE
[14:46:28] DIST:39.0 (cm) ACTIVE
[14:37:26] DIST:40.8 (cm) ACTIVE
[14:13:17] TEMP:31.8 (C) IDLE
[14:20:30] DIST:57.9 (cm) ACTIVE
[14:20:15] DIST:32.9 (cm) ACTIVE
[14:29:24] SPEED:3.9 (m/s) ERROR
[14:29:33] TEMP:43.5 (C) IDLE
[14:33:23] SPEED:4.7 (m/s) ERROR
[14:33:15] TEMP:24.5 (C) IDLE
[14:35:31] TEMP:23.8 (C) ACTIVE
[14:19:58] SPEED:2.7 (m/s) ERROR
[14:12:34] SPEED:3.3 (m/s) ERROR
[14:31:49] DIST:61.5 (cm) IDLE
[14:29:43] SPEED:1.4 (m/s) IDLE
[14:51:47] SPEED:2.4 (m/s) ERROR
[14:19:30] SPEED:3.5 (m/s) ERROR
[14:56:23] DIST:14.2 (cm) ERROR
[14:47:20] DIST:69.9 (cm) ACTIVE
[14:40:27] DIST:71.9 (cm) IDLE
[14:43:35] TEMP:29.0 (C) ERROR
[14:58:48] TEMP:34.7 (C) IDLE
[14:45:17] TEMP:25.7 (C) ERROR
[14:33:53] DIST:95.0 (cm) ACTIVE
[14:42:50] SPEED:2.9 (m/s) ACTIVE
[14:42:44] TEMP:23.4 (C) IDLE
[14:44:33] TEMP:41.4 (C) IDLE
[14:23:58] SPEED:4.8 (m/s) ERROR
[14:57:11] DIST:89.8 (cm) ACTIVE
[14:59:33] SPEED:1.9 (m/s) ERROR
[14:51:22] SPEED:0.8 (m/s) ACTIVE
[14:22:46] DIST:44.4 (cm) ACTIVE
[14:32:26] DIST:88.4 (cm) IDLE
[14:13:41] SPEED:0.6 (m/s) ERROR
[14:11:57] SPEED:0.9 (m/s) IDLE
[14:33:44] SPEED:4.2 (m/s) ERROR
[14:31:37] SPEED:3.7 (m/s) ACTIVE
[14:48:35] DIST:63.7 (cm) ACTIVE
[14:33:48] SPEED:2.9 (m/s) IDLE
[14:30:51] SPEED:2.2 (m/s) IDLE
[14:58:32] SPEED:5.0 (m/s) ERROR
[14:34:52] DIST:91.5 (cm) IDLE
[14:49:52] SPEED:3.9 (m/s) ACTIVE
[14:10:57] TEMP:41.9 (C) IDLE
[14:55:29] DIST:68.2 (cm) ERROR
[14:22:23] TEMP:16.4 (C) ACTIVE
[14:13:31] DIST:74.7 (cm) ACTIVE
[14:10:27] SPEED:4.3 (m/s) ACTIVE
[14:20:45] DIST:93.3 (cm) ERROR
[14:10:38] SPEED:3.8 (m/s) IDLE
[14:12:43] DIST:39.3 (cm) ERROR
[14:52:33] DIST:65.5 (cm) IDLE
[14:25:55] SPEED:0.6 (m/s) ACTIVE
[14:52:56] SPEED:1.8 (m/s) ERROR
[14:55:53] DIST:37.2 (cm) ACTIVE
[14:22:48] TEMP:32.2 (C) ERROR
[14:48:23] TEMP:37.0 (C) ERROR
[14:12:10] DIST:73.6 (cm) ACTIVE
[14:22:56] SPEED:4.1 (m/s) ACTIVE
[14:32:29] TEMP:24.8 (C) ACTIVE
[14:33:15] DIST:22.5 (cm) ACTIVE
[14:34:24] TEMP:26.2 (C) ERROR
[14:59:12] TEMP:20.6 (C) IDLE
[14:44:52] SPEED:4.3 (m/s) ERROR
[14:40:47] SPEED:2.7 (m/s) ACTIVE
[14:13:55] DIST:16.3 (cm) ACTIVE
[14:10:55] TEMP:26.4 (C) IDLE
[14:11:42] DIST:29.7 (cm) IDLE
[14:13:48] DIST:28.3 (cm) ACTIVE
[14:57:24] SPEED:3.7 (m/s) ERROR
[14:50:53] SPEED:4.1 (m/s) ERROR
[14:13:42] DIST:33.9 (cm) ERROR
[14:14:25] SPEED:2.8 (m/s) ERROR
[14:15:41] TEMP:43.7 (C) ERROR
[14:18:29] TEMP:21.5 (C) ERROR
[14:14:24] TEMP:34.8 (C) ERROR
[14:45:58] SPEED:4.7 (m/s) IDLE
[14:19:37] SPEED:2.0 (m/s) IDLE
[14:18:29] SPEED:4.1 (m/s) ERROR
[14:31:28] SPEED:1.5 (m/s) IDLE
[14:28:58] DIST:31.9 (cm) ACTIVE
[14:45:31] TEMP:18.3 (C) IDLE
[14:15:36] DIST:97.8 (cm) IDLE
[14:50:21] SPEED:4.8 (m/s) IDLE
[14:47:35] DIST:66.6 (cm) ACTIVE
[14:59:51] SPEED:3.5 (m/s) ERROR
[14:20:22] DIST:46.9 (cm) ACTIVE
[14:24:17] TEMP:43.3 (C) ERROR
[14:30:58] DIST:70.5 (cm) IDLE
[14:24:15] DIST:63.0 (cm) IDLE
[14:16:49] TEMP:39.9 (C) ACTIVE
[14:28:37] TEMP:39.5 (C) IDLE
[14:49:47] TEMP:18.5 (C) IDLE
[14:25:34] SPEED:4.4 (m/s) ACTIVE
[14:10:57] SPEED:4.1 (m/s) ERROR
[14:46:29] SPEED:2.5 (m/s) ERROR
[14:25:43] SPEED:3.3 (m/s) ACTIVE
[14:32:31] DIST:64.7 (cm) ACTIVE
[14:23:58] DIST:91.9 (cm) IDLE
[14:55:54] SPEED:1.9 (m/s) ACTIVE
[14:57:26] DIST:45.0 (cm) IDLE
[14:19:18] DIST:92.0 (cm) ACTIVE
[14:26:59] SPEED:3.1 (m/s) ACTIVE
[14:12:36] DIST:49.1 (cm) ERROR
[14:39:50] DIST:14.3 (cm) ACTIVE
[14:48:40] TEMP:25.5 (C) IDLE
[14:22:32] TEMP:25.7 (C) IDLE
[14:26:55] DIST:45.2 (cm) IDLE
[14:59:39] DIST:69.8 (cm) IDLE
[14:48:53] DIST:94.3 (cm) IDLE
[14:11:51] SPEED:4.1 (m/s) IDLE
[14:21:46] TEMP:44.1 (C) ACTIVE
[14:50:21] SPEED:2.6 (m/s) ACTIVE
[14:21:29] DIST:28.2 (cm) IDLE
[14:23:53] DIST:71.1 (cm) ACTIVE
[14:54:18] TEMP:41.7 (C) IDLE
[14:16:30] TEMP:18.7 (C) ERROR
[14:43:48] DIST:86.3 (cm) ERROR
[14:52:29] DIST:39.9 (cm) ACTIVE
[14:31:18] DIST:38.1 (cm) ERROR
[14:41:42] SPEED:2.8 (m/s) IDLE
[14:43:23] SPEED:2.3 (m/s) ERROR
[14:33:36] DIST:24.1 (cm) ERROR
[14:53:42] DIST:80.9 (cm) IDLE
[14:41:14] TEMP:27.9 (C) ACTIVE
[14:30:43] DIST:40.9 (cm) ACTIVE
[14:13:45] DIST:27.0 (cm) ERROR
[14:44:32] SPEED:2.6 (m/s) ERROR
[14:13:18] SPEED:2.1 (m/s) ERROR
[14:52:11] DIST:71.1 (cm) ACTIVE
[14:49:36] TEMP:35.1 (C) IDLE
[14:52:48] DIST:86.7 (cm) IDLE
[14:37:37] TEMP:29.0 (C) ACTIVE
[14:37:36] TEMP:27.4 (C) ERROR
[14:51:52] SPEED:0.5 (m/s) ERROR
[14:15:18] DIST:76.3 (cm) ACTIVE
[14:51:17] TEMP:27.1 (C) ACTIVE
[14:23:43] DIST:66.5 (cm) ACTIVE
[14:17:38] SPEED:2.4 (m/s) IDLE
[14:26:42] SPEED:3.0 (m/s) IDLE
[14:23:54] DIST:82.0 (cm) ERROR
[14:41:49] TEMP:37.1 (C) ERROR
[14:25:22] DIST:79.1 (cm) IDLE
[14:55:36] TEMP:29.3 (C) IDLE
[14:14:35] TEMP:19.8 (C) ERROR
[14:46:58] DIST:27.4 (cm) ACTIVE
[14:20:50] SPEED:2.1 (m/s) ERROR
[14:28:21] DIST:13.9 (cm) ERROR
[14:57:33] SPEED:0.6 (m/s) IDLE
[14:59:47] SPEED:4.9 (m/s) ERROR
[14:32:42] TEMP:17.1 (C) ERROR
[14:25:38] SPEED:0.8 (m/s) IDLE
[14:58:47] TEMP:41.1 (C) IDLE
[14:29:48] TEMP:31.7 (C) IDLE
[14:14:53] DIST:31.0 (cm) ACTIVE
[14:13:34] DIST:93.2 (cm) ERROR
[14:24:52] DIST:90.6 (cm) ACTIVE
[14:27:22] TEMP:30.9 (C) ACTIVE
[14:51:24] DIST:66.6 (cm) ACTIVE
[14:27:19] TEMP:36.0 (C) ACTIVE
[14:57:52] DIST:92.2 (cm) ACTIVE
[14:56:10] DIST:20.8 (cm) ACTIVE
[14:12:46] TEMP:22.3 (C) ACTIVE
[14:23:54] TEMP:16.8 (C) ACTIVE
[14:37:21] DIST:67.3 (cm) ACTIVE
[14:29:46] TEMP:29.6 (C) IDLE
[14:41:45] TEMP:25.8 (C) ERROR
[14:47:56] DIST:25.6 (cm) ACTIVE
[14:25:37] SPEED:0.6 (m/s) ACTIVE
[14:45:41] TEMP:23.2 (C) ACTIVE
[14:32:35] SPEED:4.7 (m/s) ACTIVE
[14:37:41] TEMP:23.0 (C) IDLE
[14:46:41] SPEED:1.1 (m/s) ACTIVE
[14:15:24] SPEED:0.7 (m/s) IDLE
[14:37:50] DIST:57.6 (cm) ACTIVE
[14:48:10] DIST:19.8 (cm) ACTIVE
[14:13:52] TEMP:33.5 (C) IDLE
[14:10:45] DIST:72.0 (cm) ACTIVE
[14:52:33] SPEED:4.5 (m/s) ACTIVE
[14:19:46] TEMP:24.5 (C) ACTIVE
[14:50:19] DIST:39.1 (cm) ERROR
[14:53:36] TEMP:25.4 (C) ERROR
[14:37:30] SPEED:1.8 (m/s) ERROR
[14:24:52] TEMP:17.0 (C) ERROR
[14:59:20] TEMP:21.1 (C) ACTIVE
[14:49:43] DIST:79.9 (cm) ERROR
[14:51:32] DIST:26.5 (cm) IDLE
[14:53:55] SPEED:1.8 (m/s) ACTIVE
[14:33:18] DIST:18.4 (cm) IDLE
[14:37:29] SPEED:3.0 (m/s) IDLE
[14:52:30] SPEED:0.8 (m/s) ACTIVE
[14:28:30] DIST:52.3 (cm) IDLE
[14:37:42] DIST:86.0 (cm) IDLE
[14:29:22] DIST:12.6 (cm) IDLE
[14:55:39] SPEED:4.2 (m/s) ACTIVE
[14:23:14] DIST:21.1 (cm) ACTIVE
[14:43:28] SPEED:4.7 (m/s) ERROR
[14:16:22] TEMP:41.5 (C) ACTIVE
[14:32:46] TEMP:29.8 (C) ACTIVE
[14:57:33] TEMP:25.3 (C) ACTIVE
[14:55:22] DIST:25.1 (cm) ACTIVE
[14:36:56] DIST:84.0 (cm) IDLE
[14:48:14] TEMP:24.9 (C) ACTIVE
[14:59:23] TEMP:36.1 (C) ACTIVE
[14:57:51] TEMP:39.4 (C) IDLE
[14:54:24] SPEED:1.2 (m/s) ERROR
[14:18:11] SPEED:0.7 (m/s) ACTIVE
[14:20:58] TEMP:40.6 (C) ACTIVE
[14:16:46] DIST:77.8 (cm) IDLE
[14:41:49] TEMP:31.6 (C) ACTIVE
[14:38:18] DIST:34.1 (cm) IDLE
[14:11:20] DIST:30.8 (cm) ERROR
[14:59:55] TEMP:39.3 (C) ACTIVE
[14:42:59] DIST:46.6 (cm) IDLE
[14:59:30] TEMP:35.7 (C) ACTIVE
[14:57:14] SPEED:4.1 (m/s) ACTIVE
[14:58:13] DIST:89.7 (cm) IDLE
[14:22:24] TEMP:24.1 (C) ACTIVE
[14:35:34] TEMP:30.8 (C) IDLE
[14:15:10] TEMP:25.9 (C) IDLE
[14:29:46] TEMP:38.7 (C) IDLE
[14:34:26] SPEED:3.4 (m/s) IDLE
[14:40:54] SPEED:3.5 (m/s) ACTIVE
[14:35:53] DIST:48.7 (cm) ERROR
[14:29:42] TEMP:19.3 (C) ACTIVE
[14:40:44] SPEED:4.2 (m/s) ERROR
[14:37:37] DIST:72.9 (cm) ERROR
[14:36:52] SPEED:4.1 (m/s) ACTIVE
[14:18:10] TEMP:40.2 (C) ERROR
[14:45:30] SPEED:1.2 (m/s) IDLE
[14:59:18] DIST:61.6 (cm) ERROR
[14:16:48] DIST:73.5 (cm) ERROR
[14:40:48] DIST:33.0 (cm) ACTIVE
[14:49:21] SPEED:2.4 (m/s) ACTIVE
[14:59:10] DIST:28.5 (cm) IDLE
[14:35:28] DIST:38.9 (cm) IDLE
[14:13:58] DIST:62.0 (cm) ERROR
[14:17:18] TEMP:38.8 (C) ACTIVE
[14:17:37] SPEED:2.1 (m/s) ACTIVE
[14:43:11] TEMP:33.4 (C) ACTIVE
[14:25:12] SPEED:4.5 (m/s) ACTIVE
[14:48:27] TEMP:16.4 (C) IDLE
[14:51:31] DIST:96.2 (cm) IDLE
[14:38:37] TEMP:19.6 (C) ERROR
[14:57:40] TEMP:15.8 (C) ACTIVE
[14:32:55] TEMP:18.1 (C) ERROR
[14:45:47] DIST:18.4 (cm) ACTIVE
[14:30:58] DIST:66.7 (cm) ACTIVE
[14:29:45] DIST:35.9 (cm) ERROR
[14:23:21] TEMP:38.1 (C) IDLE
[14:56:15] TEMP:23.1 (C) IDLE
[14:22:25] TEMP:23.3 (C) IDLE
[14:24:53] DIST:79.2 (cm) ACTIVE
[14:38:18] DIST:25.5 (cm) IDLE
[14:11:53] TEMP:36.3 (C) IDLE
[14:22:25] SPEED:3.0 (m/s) ACTIVE
[14:48:47] DIST:73.8 (cm) ACTIVE
[14:23:39] SPEED:3.0 (m/s) IDLE
[14:20:29] DIST:35.0 (cm) ERROR
[14:36:14] TEMP:30.7 (C) IDLE
[14:40:57] SPEED:2.0 (m/s) IDLE
[14:55:38] DIST:30.3 (cm) IDLE
[14:55:32] DIST:48.4 (cm) IDLE
[14:50:34] SPEED:3.4 (m/s) ACTIVE
[14:37:26] DIST:70.1 (cm) IDLE
[14:54:42] DIST:77.4 (cm) ACTIVE
[14:56:11] SPEED:0.9 (m/s) ERROR
[14:56:20] SPEED:4.4 (m/s) ACTIVE
[14:47:29] SPEED:0.8 (m/s) ERROR
[14:55:33] DIST:18.0 (cm) ERROR
[14:40:24] TEMP:29.5 (C) IDLE
[14:22:39] SPEED:1.6 (m/s) ERROR
[14:44:45] SPEED:3.2 (m/s) ERROR
[14:52:25] DIST:36.8 (cm) ACTIVE
[14:49:26] SPEED:2.8 (m/s) ACTIVE
[14:46:45] SPEED:3.6 (m/s) ERROR
[14:35:11] SPEED:4.7 (m/s) IDLE
[14:19:22] SPEED:2.0 (m/s) ACTIVE
[14:57:23] SPEED:3.5 (m/s) ERROR
[14:37:59] DIST:74.3 (cm) IDLE
[14:34:53] DIST:68.7 (cm) IDLE
[14:32:46] TEMP:18.4 (C) ERROR
[14:14:36] TEMP:33.3 (C) ACTIVE
[14:44:41] DIST:46.4 (cm) ACTIVE
[14:17:26] TEMP:22.7 (C) ERROR
[14:40:12] TEMP:18.3 (C) IDLE
[14:15:39] SPEED:1.6 (m/s) IDLE
[14:36:51] TEMP:32.4 (C) ACTIVE
[14:42:20] TEMP:39.7 (C) ERROR
[14:13:40] TEMP:16.2 (C) IDLE
[14:48:53] SPEED:2.6 (m/s) ACTIVE
[14:55:14] SPEED:2.9 (m/s) ACTIVE
[14:48:34] SPEED:2.4 (m/s) ACTIVE
[14:15:48] TEMP:32.3 (C) ACTIVE
[14:11:17] TEMP:35.6 (C) ACTIVE
[14:37:47] SPEED:1.0 (m/s) ACTIVE
[14:24:10] DIST:52.7 (cm) IDLE
[14:37:38] DIST:68.4 (cm) IDLE
[14:57:54] TEMP:25.9 (C) ERROR
[14:24:28] TEMP:28.1 (C) ERROR
[14:41:16] TEMP:20.3 (C) IDLE
[14:27:13] DIST:34.6 (cm) ACTIVE
[14:55:49] TEMP:34.6 (C) IDLE
[14:21:27] SPEED:3.5 (m/s) ACTIVE
[14:47:35] TEMP:22.1 (C) ACTIVE
[14:47:12] SPEED:2.5 (m/s) ACTIVE
[14:18:39] DIST:75.8 (cm) ERROR
[14:45:31] SPEED:3.3 (m/s) ERROR
[14:16:30] DIST:41.1 (cm) IDLE
[14:23:13] TEMP:15.6 (C) ACTIVE
[14:49:30] SPEED:4.8 (m/s) ACTIVE
[14:38:48] TEMP:19.8 (C) IDLE
[14:13:34] TEMP:35.5 (C) IDLE
[14:49:26] DIST:83.5 (cm) ERROR
[14:14:36] SPEED:4.2 (m/s) IDLE
[14:29:47] DIST:28.6 (cm) IDLE
[14:57:41] TEMP:32.9 (C) IDLE
[14:22:55] SPEED:3.7 (m/s) ERROR
[14:55:56] DIST:84.3 (cm) IDLE
[14:18:51] DIST:36.2 (cm) IDLE
[14:18:22] TEMP:16.8 (C) ACTIVE
[14:52:31] DIST:59.5 (cm) ACTIVE
[14:53:39] DIST:14.2 (cm) ERROR
[14:23:26] DIST:81.2 (cm) ACTIVE
[14:36:27] DIST:40.9 (cm) IDLE
[14:44:52] TEMP:33.9 (C) ACTIVE
[14:32:35] DIST:82.2 (cm) ACTIVE
[14:24:19] DIST:72.5 (cm) ACTIVE
[14:20:45] TEMP:28.3 (C) ACTIVE
[14:32:16] SPEED:2.4 (m/s) ERROR
[14:17:31] SPEED:4.8 (m/s) ERROR
[14:58:48] DIST:37.0 (cm) ACTIVE
[14:42:55] SPEED:1.9 (m/s) ERROR
[14:42:58] SPEED:2.2 (m/s) ERROR
[14:36:33] DIST:41.7 (cm) IDLE
[14:13:31] DIST:72.6 (cm) ACTIVE
[14:38:37] DIST:63.8 (cm) ACTIVE
[14:49:17] SPEED:2.0 (m/s) ACTIVE
[14:51:30] TEMP:36.7 (C) IDLE
[14:10:38] DIST:21.5 (cm) ERROR
[14:26:15] SPEED:2.4 (m/s) IDLE
[14:53:38] SPEED:4.6 (m/s) ERROR
[14:11:32] SPEED:4.1 (m/s) ACTIVE
[14:47:20] SPEED:1.9 (m/s) IDLE
[14:19:19] SPEED:2.2 (m/s) ERROR
[14:50:44] SPEED:4.5 (m/s) ERROR
[14:14:43] SPEED:2.7 (m/s) ERROR
[14:29:52] TEMP:30.0 (C) ERROR
[14:22:49] TEMP:44.1 (C) IDLE
[14:17:39] DIST:28.5 (cm) ERROR
[14:48:29] DIST:43.8 (cm) ACTIVE
[14:58:37] SPEED:2.4 (m/s) ERROR
[14:28:42] SPEED:1.1 (m/s) ERROR
[14:15:42] DIST:68.1 (cm) IDLE
[14:21:50] DIST:26.2 (cm) ERROR
[14:14:12] TEMP:40.1 (C) ACTIVE
[14:27:55] TEMP:19.7 (C) ERROR
[14:46:29] SPEED:2.0 (m/s) ACTIVE
[14:24:51] DIST:81.8 (cm) IDLE
[14:23:43] TEMP:24.7 (C) ERROR
[14:56:45] SPEED:4.8 (m/s) IDLE
[14:50:31] TEMP:36.8 (C) IDLE
[14:45:27] SPEED:4.6 (m/s) ERROR
[14:56:10] TEMP:39.5 (C) ACTIVE
[14:41:55] DIST:12.9 (cm) IDLE
[14:27:17] SPEED:4.7 (m/s) ERROR
[14:37:51] SPEED:0.6 (m/s) IDLE
[14:28:12] SPEED:4.4 (m/s) ERROR
[14:36:19] TEMP:36.4 (C) IDLE
[14:46:17] DIST:82.4 (cm) ERROR
[14:36:25] DIST:17.6 (cm) ERROR
[14:20:35] TEMP:25.5 (C) ACTIVE
[14:31:23] SPEED:4.0 (m/s) IDLE
[14:32:15] DIST:58.3 (cm) ERROR
[14:11:29] SPEED:2.2 (m/s) ACTIVE
[14:33:52] TEMP:28.1 (C) ERROR
[14:48:38] TEMP:22.3 (C) ERROR
[14:34:47] SPEED:4.1 (m/s) IDLE
[14:28:31] TEMP:26.6 (C) IDLE
[14:24:11] TEMP:24.4 (C) ACTIVE
[14:29:10] SPEED:3.2 (m/s) ACTIVE
[14:36:32] DIST:54.7 (cm) ERROR
[14:46:16] SPEED:3.0 (m/s) IDLE
[14:50:14] SPEED:2.7 (m/s) ERROR
[14:17:40] SPEED:1.0 (m/s) IDLE
[14:16:35] DIST:45.9 (cm) ACTIVE
[14:29:35] TEMP:19.1 (C) ACTIVE
[14:32:54] SPEED:1.8 (m/s) ERROR
[14:54:22] DIST:63.2 (cm) ACTIVE
[14:37:22] SPEED:3.0 (m/s) ACTIVE
[14:22:34] DIST:62.1 (cm) ACTIVE
[14:11:56] SPEED:3.1 (m/s) ERROR
[14:36:57] SPEED:3.1 (m/s) IDLE
[14:49:19] DIST:66.5 (cm) ACTIVE
[14:58:32] TEMP:35.3 (C) ERROR
[14:25:26] DIST:34.8 (cm) ACTIVE
[14:40:46] SPEED:2.5 (m/s) ERROR
[14:46:40] DIST:93.0 (cm) ACTIVE
[14:30:50] DIST:15.0 (cm) IDLE
[14:40:18] DIST:95.4 (cm) ACTIVE
[14:52:50] TEMP:36.8 (C) ERROR
[14:45:32] SPEED:4.4 (m/s) ERROR
[14:27:33] DIST:58.3 (cm) ERROR
[14:24:56] TEMP:15.3 (C) ERROR
[14:25:26] DIST:10.2 (cm) ACTIVE
[14:55:45] TEMP:33.2 (C) IDLE
[14:56:10] TEMP:29.8 (C) ACTIVE
[14:59:25] TEMP:25.4 (C) ERROR
[14:39:22] SPEED:4.9 (m/s) ACTIVE
[14:55:39] SPEED:1.6 (m/s) ERROR
[14:40:57] DIST:24.6 (cm) ERROR
[14:44:23] TEMP:35.1 (C) ACTIVE
[14:28:46] DIST:72.0 (cm) ERROR
[14:27:19] TEMP:23.5 (C) IDLE
[14:42:24] TEMP:22.5 (C) ERROR
[14:35:57] DIST:91.3 (cm) IDLE
[14:25:50] TEMP:26.6 (C) IDLE
[14:54:14] TEMP:33.6 (C) IDLE
[14:46:46] TEMP:43.0 (C) ERROR
[14:56:58] DIST:53.8 (cm) ERROR
[14:29:49] SPEED:2.7 (m/s) ACTIVE
[14:44:35] DIST:88.3 (cm) ERROR
[14:47:20] TEMP:39.5 (C) IDLE
[14:20:33] SPEED:1.2 (m/s) IDLE
[14:42:16] SPEED:1.5 (m/s) ERROR
[14:16:18] DIST:86.1 (cm) IDLE
[14:51:56] DIST:74.8 (cm) ACTIVE
[14:33:41] SPEED:1.9 (m/s) ERROR
[14:33:52] TEMP:23.8 (C) IDLE
[14:43:53] TEMP:20.1 (C) IDLE
[14:34:30] SPEED:2.3 (m/s) ERROR
[14:21:28] TEMP:21.9 (C) ERROR
[14:18:40] TEMP:28.9 (C) IDLE
[14:48:32] DIST:37.1 (cm) ERROR
[14:55:13] DIST:32.1 (cm) ERROR
[14:24:25] DIST:93.6 (cm) ACTIVE
[14:17:11] SPEED:1.1 (m/s) ACTIVE
[14:56:38] DIST:67.6 (cm) IDLE
[14:43:15] TEMP:27.5 (C) IDLE
[14:38:41] TEMP:36.5 (C) ACTIVE
[14:28:21] DIST:93.5 (cm) ACTIVE
[14:17:25] TEMP:44.8 (C) ACTIVE
[14:14:58] TEMP:31.5 (C) ACTIVE
[14:58:51] TEMP:27.7 (C) ACTIVE
[14:54:20] SPEED:1.4 (m/s) ERROR
[14:45:55] SPEED:4.7 (m/s) ACTIVE
[14:48:51] SPEED:3.6 (m/s) ACTIVE
[14:54:12] SPEED:2.9 (m/s) IDLE
[14:15:34] TEMP:24.8 (C) ACTIVE
[14:40:59] TEMP:20.0 (C) ACTIVE
[14:10:55] SPEED:2.0 (m/s) IDLE
[14:40:59] DIST:10.3 (cm) ERROR
[14:31:31] TEMP:36.0 (C) ERROR
[14:26:32] DIST:33.5 (cm) IDLE
[14:44:32] SPEED:3.1 (m/s) ACTIVE
[14:18:57] SPEED:4.2 (m/s) ACTIVE
[14:34:56] DIST:42.8 (cm) IDLE
[14:35:43] SPEED:3.6 (m/s) ERROR
[14:23:46] TEMP:37.3 (C) ERROR
[14:41:17] DIST:34.8 (cm) ERROR
[14:56:38] TEMP:35.9 (C) ACTIVE
[14:31:37] SPEED:4.2 (m/s) ACTIVE
[14:52:29] SPEED:0.6 (m/s) ACTIVE
[14:52:46] TEMP:30.2 (C) IDLE
[14:50:44] DIST:42.1 (cm) IDLE
[14:53:26] SPEED:2.2 (m/s) ACTIVE
[14:17:58] DIST:77.5 (cm) ERROR
[14:11:15] SPEED:4.6 (m/s) ERROR
[14:54:18] SPEED:2.0 (m/s) IDLE
[14:52:10] SPEED:4.7 (m/s) IDLE
[14:14:11] DIST:48.8 (cm) IDLE
[14:38:21] DIST:73.3 (cm) ACTIVE
[14:37:36] DIST:35.3 (cm) ACTIVE
[14:43:51] DIST:40.1 (cm) ACTIVE
[14:57:36] TEMP:36.4 (C) ERROR
[14:46:19] DIST:39.2 (cm) ACTIVE
[14:32:22] SPEED:4.6 (m/s) IDLE
[14:53:40] SPEED:2.2 (m/s) ERROR
[14:44:13] SPEED:0.8 (m/s) IDLE
[14:45:41] DIST:72.9 (cm) IDLE
[14:44:37] SPEED:3.9 (m/s) ERROR
[14:38:23] DIST:19.6 (cm) ACTIVE
[14:38:12] TEMP:32.9 (C) IDLE
[14:17:32] DIST:16.6 (cm) ACTIVE
[14:19:52] DIST:93.4 (cm) IDLE
[14:21:31] TEMP:28.9 (C) IDLE
[14:29:27] SPEED:4.5 (m/s) IDLE
[14:43:24] TEMP:19.1 (C) ACTIVE
[14:30:54] TEMP:28.5 (C) ERROR
[14:20:34] SPEED:5.0 (m/s) IDLE
[14:56:42] DIST:41.3 (cm) ACTIVE
[14:36:45] SPEED:1.0 (m/s) IDLE
[14:29:43] DIST:83.1 (cm) ACTIVE
[14:14:33] TEMP:37.6 (C) IDLE
[14:17:36] SPEED:1.8 (m/s) IDLE
[14:39:56] DIST:43.5 (cm) IDLE
[14:57:55] TEMP:32.5 (C) IDLE
[14:37:10] SPEED:1.1 (m/s) ERROR
[14:29:47] SPEED:1.1 (m/s) ERROR
[14:31:23] TEMP:26.6 (C) IDLE
[14:40:16] TEMP:27.4 (C) ACTIVE
[14:23:20] DIST:20.6 (cm) ACTIVE
[14:55:27] TEMP:20.1 (C) IDLE
[14:57:11] DIST:28.8 (cm) ACTIVE
[14:13:34] DIST:55.9 (cm) ERROR
[14:41:39] SPEED:1.3 (m/s) ERROR
[14:33:10] TEMP:44.0 (C) ACTIVE
[14:28:55] DIST:28.1 (cm) ACTIVE
[14:18:43] DIST:20.4 (cm) IDLE
[14:55:58] SPEED:0.8 (m/s) ERROR
[14:53:17] DIST:45.9 (cm) ACTIVE
[14:49:25] TEMP:31.1 (C) ERROR
[14:19:34] TEMP:19.8 (C) ERROR
[14:35:27] SPEED:0.8 (m/s) ERROR
[14:29:17] SPEED:2.1 (m/s) ACTIVE
[14:59:19] TEMP:25.4 (C) ACTIVE
[14:16:37] DIST:42.7 (cm) ERROR
[14:25:36] SPEED:3.1 (m/s) ERROR
[14:22:23] TEMP:21.4 (C) ACTIVE
[14:23:10] SPEED:4.4 (m/s) IDLE
[14:39:56] DIST:55.2 (cm) ERROR
[14:29:14] TEMP:20.7 (C) ERROR
[14:48:41] DIST:18.3 (cm) ERROR
[14:15:46] SPEED:4.2 (m/s) IDLE
[14:26:21] DIST:82.2 (cm) ACTIVE
[14:52:19] SPEED:3.9 (m/s) ACTIVE
[14:40:42] SPEED:2.8 (m/s) ACTIVE
[14:34:46] SPEED:1.2 (m/s) IDLE
[14:18:31] DIST:93.8 (cm) IDLE
[14:54:36] TEMP:29.7 (C) ERROR
[14:25:17] TEMP:40.0 (C) ACTIVE
[14:15:22] TEMP:36.9 (C) ACTIVE
[14:36:56] TEMP:15.7 (C) ERROR
[14:21:51] TEMP:33.3 (C) IDLE
[14:33:47] TEMP:26.6 (C) ERROR
[14:51:14] SPEED:1.7 (m/s) IDLE
